Using pre-set license
Built from '2020.3/release' branch; Version is '2020.3.12f1 (b3b2c6512326) revision 11776710'; Using compiler version '192528614'; Build Type 'Release'
OS: 'Windows 10 Home; OS build 19042.1237; Version 2009; 64bit' Language: 'zh' Physical Memory: 8066 MB
BatchMode: 1, IsHumanControllingUs: 0, StartBugReporterOnCrash: 0, Is64bit: 1, IsPro: 0

 COMMAND LINE ARGUMENTS:
C:\Program Files\Unity\2020.3.12f1\Editor\Unity.exe
-adb2
-batchMode
-noUpm
-name
AssetImportWorker1
-projectPath
C:/Users/user/Desktop/HC/Unity/Unity_HC_TC_3D_RPG_PrototypeNieR/3DRPG_PrototypeNieR
-logFile
Logs/AssetImportWorker1.log
-srvPort
50915
Successfully changed project path to: C:/Users/user/Desktop/HC/Unity/Unity_HC_TC_3D_RPG_PrototypeNieR/3DRPG_PrototypeNieR
C:/Users/user/Desktop/HC/Unity/Unity_HC_TC_3D_RPG_PrototypeNieR/3DRPG_PrototypeNieR
Using Asset Import Pipeline V2.
Refreshing native plugins compatible for Editor in 198.03 ms, found 2 plugins.
Preloading 0 native plugins for Editor in 0.00 ms.
Initialize engine version: 2020.3.12f1 (b3b2c6512326)
[Subsystems] Discovering subsystems at path C:/Program Files/Unity/2020.3.12f1/Editor/Data/Resources/UnitySubsystems
[Subsystems] Discovering subsystems at path C:/Users/user/Desktop/HC/Unity/Unity_HC_TC_3D_RPG_PrototypeNieR/3DRPG_PrototypeNieR/Assets
GfxDevice: creating device client; threaded=0
Direct3D:
    Version:  Direct3D 11.0 [level 11.1]
    Renderer: NVIDIA GeForce MX150 (ID=0x1d10)
    Vendor:   
    VRAM:     1983 MB
    Driver:   27.21.14.6663
Initialize mono
Mono path[0] = 'C:/Program Files/Unity/2020.3.12f1/Editor/Data/Managed'
Mono path[1] = 'C:/Program Files/Unity/2020.3.12f1/Editor/Data/MonoBleedingEdge/lib/mono/unityjit'
Mono config path = 'C:/Program Files/Unity/2020.3.12f1/Editor/Data/MonoBleedingEdge/etc'
Using monoOptions --debugger-agent=transport=dt_socket,embedding=1,server=y,suspend=n,address=127.0.0.1:56068
Begin MonoManager ReloadAssembly
Registering precompiled unity dll's ...
Register platform support module: C:/Program Files/Unity/2020.3.12f1/Editor/Data/PlaybackEngines/WebGLSupport/UnityEditor.WebGL.Extensions.dll
Register platform support module: C:/Program Files/Unity/2020.3.12f1/Editor/Data/PlaybackEngines/WindowsStandaloneSupport/UnityEditor.WindowsStandalone.Extensions.dll
Registered in 0.008734 seconds.
Native extension for WindowsStandalone target not found
Native extension for WebGL target not found
Refreshing native plugins compatible for Editor in 46.65 ms, found 2 plugins.
Preloading 0 native plugins for Editor in 0.00 ms.
Mono: successfully reloaded assembly
- Completed reload, in  7.457 seconds
Platform modules already initialized, skipping
Registering precompiled user dll's ...
Registered in 0.029964 seconds.
Begin MonoManager ReloadAssembly
Native extension for WindowsStandalone target not found
Native extension for WebGL target not found
Refreshing native plugins compatible for Editor in 1.32 ms, found 2 plugins.
Preloading 0 native plugins for Editor in 0.00 ms.
Mono: successfully reloaded assembly
- Completed reload, in  4.123 seconds
Platform modules already initialized, skipping
========================================================================
Worker process is ready to serve import requests
Launched and connected shader compiler UnityShaderCompiler.exe after 0.18 seconds
Refreshing native plugins compatible for Editor in 0.90 ms, found 2 plugins.
Preloading 0 native plugins for Editor in 0.00 ms.
Unloading 1413 Unused Serialized files (Serialized files now loaded: 0)
System memory in use before: 68.5 MB.
System memory in use after: 68.6 MB.

Unloading 19 unused Assets to reduce memory usage. Loaded Objects now: 1857.
Total: 14.245600 ms (FindLiveObjects: 0.437900 ms CreateObjectMapping: 0.398300 ms MarkObjects: 13.153500 ms  DeleteObjects: 0.252700 ms)

AssetImportParameters requested are different than current active one (requested -> active):
  custom:framework-win-MediaFoundation: 216162199b28c13a410421893ffa2e32 -> 
  custom:video-decoder-ogg-theora: a1e56fd34408186e4bbccfd4996cb3dc -> 
  custom:container-muxer-webm: aa71ff27fc2769a1b78a27578f13a17b -> 
  custom:container-demuxer-webm: 4f35f7cbe854078d1ac9338744f61a02 -> 
  custom:container-demuxer-ogg: 62fdf1f143b41e24485cea50d1cbac27 -> 
  custom:video-encoder-webm-vp8: eb34c28f22e8b96e1ab97ce403110664 -> 
  custom:video-codec-MediaFoundation-h265: 746d11721c4dcdbdad8f713fa42b33f4 -> 
  custom:video-decoder-webm-vp8: 9c59270c3fd7afecdb556c50c9e8de78 -> 
  custom:audio-decoder-ogg-vorbis: bf7c407c2cedff20999df2af8eb42d56 -> 
  custom:audio-encoder-webm-vorbis: bf7c407c2cedff20999df2af8eb42d56 -> 
========================================================================
Received Import Request.
  path: Assets/Adventure_Character/Prefabs
  artifactKey: Guid(a4767ed5cb0999f44999893699fafe99) Importer(815301076,1909f56bfc062723c751e8b465ee728b)
Start importing Assets/Adventure_Character/Prefabs using Guid(a4767ed5cb0999f44999893699fafe99) Importer(815301076,1909f56bfc062723c751e8b465ee728b)  -> (artifact id: '6011b455f531176277bef3675b370d0b') in 0.032865 seconds 
  Import took 0.053066 seconds .

========================================================================
Received Import Request.
  Time since last request: 0.000548 seconds.
  path: Assets/Adventure_Character/Prefabs/Man_Full.prefab
  artifactKey: Guid(5358fd1db56fd5f4ebd3a9185f223155) Importer(815301076,1909f56bfc062723c751e8b465ee728b)
Start importing Assets/Adventure_Character/Prefabs/Man_Full.prefab using Guid(5358fd1db56fd5f4ebd3a9185f223155) Importer(815301076,1909f56bfc062723c751e8b465ee728b)  -> (artifact id: '1768f67a41870813a20649347fa05f42') in 2.528078 seconds 
  Import took 2.581896 seconds .

========================================================================
Received Import Request.
  Time since last request: 0.813501 seconds.
  path: Assets/Animations/vampire_a_lusth.fbm
  artifactKey: Guid(d823622ab2de1084cb330e4ae4784dd5) Importer(815301076,1909f56bfc062723c751e8b465ee728b)
Start importing Assets/Animations/vampire_a_lusth.fbm using Guid(d823622ab2de1084cb330e4ae4784dd5) Importer(815301076,1909f56bfc062723c751e8b465ee728b)  -> (artifact id: '1d47bfb4235df7c448cad129c3a69e54') in 0.029312 seconds 
  Import took 0.038475 seconds .

========================================================================
Received Import Request.
  Time since last request: 17.933244 seconds.
  path: Assets/Animations/vampire_a_lusth@Sword And Shield Slash.fbx
  artifactKey: Guid(3d864aa085bfa0d4db5b5db9ea988dce) Importer(815301076,1909f56bfc062723c751e8b465ee728b)
Start importing Assets/Animations/vampire_a_lusth@Sword And Shield Slash.fbx using Guid(3d864aa085bfa0d4db5b5db9ea988dce) Importer(815301076,1909f56bfc062723c751e8b465ee728b)  -> (artifact id: 'fb6061331bff3b8fe08bbf4b92095c0d') in 1.162830 seconds 
  Import took 1.192966 seconds .

========================================================================
Received Import Request.
  Time since last request: 240.959778 seconds.
  path: Assets/Animations/Man_Mesh@Head Hit.fbx
  artifactKey: Guid(e55918324d04ee745aae1927e62365e2) Importer(815301076,1909f56bfc062723c751e8b465ee728b)
Start importing Assets/Animations/Man_Mesh@Head Hit.fbx using Guid(e55918324d04ee745aae1927e62365e2) Importer(815301076,1909f56bfc062723c751e8b465ee728b)  -> (artifact id: 'ae04faa53c3f6cb66f0c93f463ec7680') in 0.122671 seconds 
  Import took 0.172670 seconds .

========================================================================
Received Import Request.
  Time since last request: 13.591945 seconds.
  path: Assets/Animations/Man_Mesh@Head Hit.fbx
  artifactKey: Guid(e55918324d04ee745aae1927e62365e2) Importer(815301076,1909f56bfc062723c751e8b465ee728b)
Start importing Assets/Animations/Man_Mesh@Head Hit.fbx using Guid(e55918324d04ee745aae1927e62365e2) Importer(815301076,1909f56bfc062723c751e8b465ee728b)  -> (artifact id: 'c727b26f483486e5c56b62a26652affa') in 0.144813 seconds 
  Import took 0.219236 seconds .

========================================================================
Received Import Request.
  Time since last request: 16.561831 seconds.
  path: Assets/Animations/Man_Mesh@Zombie Death.fbx
  artifactKey: Guid(87b5efcbb1036594eb4cab20b0c16b46) Importer(815301076,1909f56bfc062723c751e8b465ee728b)
Start importing Assets/Animations/Man_Mesh@Zombie Death.fbx using Guid(87b5efcbb1036594eb4cab20b0c16b46) Importer(815301076,1909f56bfc062723c751e8b465ee728b)  -> (artifact id: '0b510dd62c444f72a3b7a031e0d62cd0') in 0.457247 seconds 
  Import took 0.508515 seconds .

========================================================================
Received Import Request.
  Time since last request: 25.733606 seconds.
  path: Assets/Animations/Man_Mesh@Zombie Death.fbx
  artifactKey: Guid(87b5efcbb1036594eb4cab20b0c16b46) Importer(815301076,1909f56bfc062723c751e8b465ee728b)
Start importing Assets/Animations/Man_Mesh@Zombie Death.fbx using Guid(87b5efcbb1036594eb4cab20b0c16b46) Importer(815301076,1909f56bfc062723c751e8b465ee728b)  -> (artifact id: '4aae99c186d93da1e76426dc599180e8') in 0.024229 seconds 
  Import took 0.075338 seconds .

========================================================================
Received Import Request.
  Time since last request: 0.047632 seconds.
  path: Assets/Animations/Man_Mesh@Zombie Death.fbx
  artifactKey: Guid(87b5efcbb1036594eb4cab20b0c16b46) Importer(815301076,1909f56bfc062723c751e8b465ee728b)
Start importing Assets/Animations/Man_Mesh@Zombie Death.fbx using Guid(87b5efcbb1036594eb4cab20b0c16b46) Importer(815301076,1909f56bfc062723c751e8b465ee728b)  -> (artifact id: '4aae99c186d93da1e76426dc599180e8') in 0.036615 seconds 
  Import took 0.111201 seconds .

========================================================================
Received Import Request.
  Time since last request: 9.829985 seconds.
  path: Assets/Animations/Man_Mesh@Zombie Death.fbx
  artifactKey: Guid(87b5efcbb1036594eb4cab20b0c16b46) Importer(815301076,1909f56bfc062723c751e8b465ee728b)
Start importing Assets/Animations/Man_Mesh@Zombie Death.fbx using Guid(87b5efcbb1036594eb4cab20b0c16b46) Importer(815301076,1909f56bfc062723c751e8b465ee728b)  -> (artifact id: '9fb00a17b163a7fc28369f451c7e71ec') in 0.088565 seconds 
  Import took 0.184093 seconds .

========================================================================
Received Import Request.
  Time since last request: 70.147406 seconds.
  path: Assets/Invector-3rdPersonController_LITE/Animator/Invector@BasicLocomotion.controller
  artifactKey: Guid(cbd1db45c75e5b948a5befe9ecb80421) Importer(815301076,1909f56bfc062723c751e8b465ee728b)
Start importing Assets/Invector-3rdPersonController_LITE/Animator/Invector@BasicLocomotion.controller using Guid(cbd1db45c75e5b948a5befe9ecb80421) Importer(815301076,1909f56bfc062723c751e8b465ee728b)  -> (artifact id: '87f2e2b7a67812cb4bfb07b05ae14d96') in 0.577864 seconds 
  Import took 0.618553 seconds .

========================================================================
Received Import Request.
  Time since last request: 8.834687 seconds.
  path: Assets/Animations/Man_Mesh@Head Hit.fbx
  artifactKey: Guid(e55918324d04ee745aae1927e62365e2) Importer(815301076,1909f56bfc062723c751e8b465ee728b)
Start importing Assets/Animations/Man_Mesh@Head Hit.fbx using Guid(e55918324d04ee745aae1927e62365e2) Importer(815301076,1909f56bfc062723c751e8b465ee728b)  -> (artifact id: 'b9eccca0dd8e04dfd7454a05ede5a5a2') in 0.058320 seconds 
  Import took 0.078597 seconds .

========================================================================
Received Import Request.
  Time since last request: 848.799211 seconds.
  path: Assets/Script/DamageSystem.cs
  artifactKey: Guid(85191098e735ad74b8149f783f1dc3d2) Importer(815301076,1909f56bfc062723c751e8b465ee728b)
Start importing Assets/Script/DamageSystem.cs using Guid(85191098e735ad74b8149f783f1dc3d2) Importer(815301076,1909f56bfc062723c751e8b465ee728b)  -> (artifact id: 'a67fa5a07aadff5f2e036c0d361e00a5') in 0.022363 seconds 
  Import took 0.030688 seconds .

========================================================================
Received Import Request.
  Time since last request: 225.252381 seconds.
  path: Assets/Script/DamageSystem.cs
  artifactKey: Guid(85191098e735ad74b8149f783f1dc3d2) Importer(815301076,1909f56bfc062723c751e8b465ee728b)
Start importing Assets/Script/DamageSystem.cs using Guid(85191098e735ad74b8149f783f1dc3d2) Importer(815301076,1909f56bfc062723c751e8b465ee728b)  -> (artifact id: '8a9ece6cb8adf8e28fa1e19be390a07a') in 0.012336 seconds 
  Import took 0.022313 seconds .

========================================================================
Received Import Request.
  Time since last request: 0.138226 seconds.
  path: Assets/Script/DamageSystem.cs
  artifactKey: Guid(85191098e735ad74b8149f783f1dc3d2) Importer(815301076,1909f56bfc062723c751e8b465ee728b)
Start importing Assets/Script/DamageSystem.cs using Guid(85191098e735ad74b8149f783f1dc3d2) Importer(815301076,1909f56bfc062723c751e8b465ee728b)  -> (artifact id: '8a9ece6cb8adf8e28fa1e19be390a07a') in 0.003501 seconds 
  Import took 0.007697 seconds .

========================================================================
Received Prepare
Registering precompiled user dll's ...
Registered in 0.015990 seconds.
Begin MonoManager ReloadAssembly
Native extension for WindowsStandalone target not found
Native extension for WebGL target not found
Refreshing native plugins compatible for Editor in 0.55 ms, found 2 plugins.
Preloading 0 native plugins for Editor in 0.00 ms.
Mono: successfully reloaded assembly
- Completed reload, in  1.966 seconds
Platform modules already initialized, skipping
Refreshing native plugins compatible for Editor in 1.70 ms, found 2 plugins.
Preloading 0 native plugins for Editor in 0.00 ms.
Unloading 1408 Unused Serialized files (Serialized files now loaded: 0)
System memory in use before: 85.3 MB.
System memory in use after: 85.4 MB.

Unloading 14 unused Assets to reduce memory usage. Loaded Objects now: 1868.
Total: 2.250800 ms (FindLiveObjects: 0.162500 ms CreateObjectMapping: 0.046400 ms MarkObjects: 1.984300 ms  DeleteObjects: 0.056800 ms)

AssetImportParameters requested are different than current active one (requested -> active):
  custom:framework-win-MediaFoundation: 216162199b28c13a410421893ffa2e32 -> 
  custom:video-decoder-ogg-theora: a1e56fd34408186e4bbccfd4996cb3dc -> 
  custom:container-muxer-webm: aa71ff27fc2769a1b78a27578f13a17b -> 
  custom:container-demuxer-webm: 4f35f7cbe854078d1ac9338744f61a02 -> 
  custom:container-demuxer-ogg: 62fdf1f143b41e24485cea50d1cbac27 -> 
  custom:video-encoder-webm-vp8: eb34c28f22e8b96e1ab97ce403110664 -> 
  custom:video-codec-MediaFoundation-h265: 746d11721c4dcdbdad8f713fa42b33f4 -> 
  custom:video-decoder-webm-vp8: 9c59270c3fd7afecdb556c50c9e8de78 -> 
  custom:audio-decoder-ogg-vorbis: bf7c407c2cedff20999df2af8eb42d56 -> 
  custom:audio-encoder-webm-vorbis: bf7c407c2cedff20999df2af8eb42d56 -> 
========================================================================
Received Prepare
Registering precompiled user dll's ...
Registered in 0.014070 seconds.
Begin MonoManager ReloadAssembly
Native extension for WindowsStandalone target not found
Native extension for WebGL target not found
Refreshing native plugins compatible for Editor in 0.70 ms, found 2 plugins.
Preloading 0 native plugins for Editor in 0.00 ms.
Mono: successfully reloaded assembly
- Completed reload, in  1.257 seconds
Platform modules already initialized, skipping
Refreshing native plugins compatible for Editor in 0.53 ms, found 2 plugins.
Preloading 0 native plugins for Editor in 0.00 ms.
Unloading 1408 Unused Serialized files (Serialized files now loaded: 0)
System memory in use before: 85.3 MB.
System memory in use after: 85.4 MB.

Unloading 14 unused Assets to reduce memory usage. Loaded Objects now: 1871.
Total: 2.598700 ms (FindLiveObjects: 0.161800 ms CreateObjectMapping: 0.047900 ms MarkObjects: 2.318800 ms  DeleteObjects: 0.068500 ms)

AssetImportParameters requested are different than current active one (requested -> active):
  custom:framework-win-MediaFoundation: 216162199b28c13a410421893ffa2e32 -> 
  custom:video-decoder-ogg-theora: a1e56fd34408186e4bbccfd4996cb3dc -> 
  custom:container-muxer-webm: aa71ff27fc2769a1b78a27578f13a17b -> 
  custom:container-demuxer-webm: 4f35f7cbe854078d1ac9338744f61a02 -> 
  custom:container-demuxer-ogg: 62fdf1f143b41e24485cea50d1cbac27 -> 
  custom:video-encoder-webm-vp8: eb34c28f22e8b96e1ab97ce403110664 -> 
  custom:video-codec-MediaFoundation-h265: 746d11721c4dcdbdad8f713fa42b33f4 -> 
  custom:video-decoder-webm-vp8: 9c59270c3fd7afecdb556c50c9e8de78 -> 
  custom:audio-decoder-ogg-vorbis: bf7c407c2cedff20999df2af8eb42d56 -> 
  custom:audio-encoder-webm-vorbis: bf7c407c2cedff20999df2af8eb42d56 -> 
========================================================================
Received Import Request.
  Time since last request: 176.088190 seconds.
  path: Assets/Script/DamageSystem.cs
  artifactKey: Guid(85191098e735ad74b8149f783f1dc3d2) Importer(815301076,1909f56bfc062723c751e8b465ee728b)
Start importing Assets/Script/DamageSystem.cs using Guid(85191098e735ad74b8149f783f1dc3d2) Importer(815301076,1909f56bfc062723c751e8b465ee728b)  -> (artifact id: 'e064feff15b34c307a99a4de5b28a885') in 0.006090 seconds 
  Import took 0.013189 seconds .

========================================================================
Received Import Request.
  Time since last request: 0.000347 seconds.
  path: Assets/Script/AIBase3D.cs
  artifactKey: Guid(d838f42da3d84374099a561707b0f5e6) Importer(815301076,1909f56bfc062723c751e8b465ee728b)
Start importing Assets/Script/AIBase3D.cs using Guid(d838f42da3d84374099a561707b0f5e6) Importer(815301076,1909f56bfc062723c751e8b465ee728b)  -> (artifact id: '07a2d3a00629ba8a3e6b4968e3315db3') in 0.004391 seconds 
  Import took 0.008765 seconds .

========================================================================
Received Prepare
Registering precompiled user dll's ...
Registered in 0.014157 seconds.
Begin MonoManager ReloadAssembly
Native extension for WindowsStandalone target not found
Native extension for WebGL target not found
Refreshing native plugins compatible for Editor in 0.44 ms, found 2 plugins.
Preloading 0 native plugins for Editor in 0.00 ms.
Mono: successfully reloaded assembly
- Completed reload, in  1.143 seconds
Platform modules already initialized, skipping
Refreshing native plugins compatible for Editor in 0.41 ms, found 2 plugins.
Preloading 0 native plugins for Editor in 0.00 ms.
Unloading 1408 Unused Serialized files (Serialized files now loaded: 0)
System memory in use before: 85.3 MB.
System memory in use after: 85.4 MB.

Unloading 14 unused Assets to reduce memory usage. Loaded Objects now: 1874.
Total: 2.126100 ms (FindLiveObjects: 0.146200 ms CreateObjectMapping: 0.046400 ms MarkObjects: 1.875300 ms  DeleteObjects: 0.057000 ms)

AssetImportParameters requested are different than current active one (requested -> active):
  custom:framework-win-MediaFoundation: 216162199b28c13a410421893ffa2e32 -> 
  custom:video-decoder-ogg-theora: a1e56fd34408186e4bbccfd4996cb3dc -> 
  custom:container-muxer-webm: aa71ff27fc2769a1b78a27578f13a17b -> 
  custom:container-demuxer-webm: 4f35f7cbe854078d1ac9338744f61a02 -> 
  custom:container-demuxer-ogg: 62fdf1f143b41e24485cea50d1cbac27 -> 
  custom:video-encoder-webm-vp8: eb34c28f22e8b96e1ab97ce403110664 -> 
  custom:video-codec-MediaFoundation-h265: 746d11721c4dcdbdad8f713fa42b33f4 -> 
  custom:video-decoder-webm-vp8: 9c59270c3fd7afecdb556c50c9e8de78 -> 
  custom:audio-decoder-ogg-vorbis: bf7c407c2cedff20999df2af8eb42d56 -> 
  custom:audio-encoder-webm-vorbis: bf7c407c2cedff20999df2af8eb42d56 -> 
========================================================================
Received Import Request.
  Time since last request: 447.623864 seconds.
  path: Assets/Script/AIBase3D.cs
  artifactKey: Guid(d838f42da3d84374099a561707b0f5e6) Importer(815301076,1909f56bfc062723c751e8b465ee728b)
Start importing Assets/Script/AIBase3D.cs using Guid(d838f42da3d84374099a561707b0f5e6) Importer(815301076,1909f56bfc062723c751e8b465ee728b)  -> (artifact id: '0fdb389c7755b0cb96bc1a2219cdcb63') in 0.005056 seconds 
  Import took 0.010282 seconds .

========================================================================
Received Import Request.
  Time since last request: 498.472223 seconds.
  path: Assets/Invector-3rdPersonController_LITE/Resources/BarBg.png
  artifactKey: Guid(0085f005184a4064690308838d1f3c3a) Importer(815301076,1909f56bfc062723c751e8b465ee728b)
Start importing Assets/Invector-3rdPersonController_LITE/Resources/BarBg.png using Guid(0085f005184a4064690308838d1f3c3a) Importer(815301076,1909f56bfc062723c751e8b465ee728b)  -> (artifact id: 'b83335be809da1a637cb6ecab0d580cc') in 0.219715 seconds 
  Import took 0.228347 seconds .

========================================================================
Received Import Request.
  Time since last request: 0.000499 seconds.
  path: Assets/Invector-3rdPersonController_LITE/Resources/vbg.png
  artifactKey: Guid(d89ba6941d9e3a64a83b05213f91b0c0) Importer(815301076,1909f56bfc062723c751e8b465ee728b)
Start importing Assets/Invector-3rdPersonController_LITE/Resources/vbg.png using Guid(d89ba6941d9e3a64a83b05213f91b0c0) Importer(815301076,1909f56bfc062723c751e8b465ee728b)  -> (artifact id: '1a82f74cdf19b304ba04c868cf3f26de') in 0.024675 seconds 
  Import took 0.033217 seconds .

========================================================================
Received Import Request.
  Time since last request: 0.000423 seconds.
  path: Assets/Invector-3rdPersonController_LITE/Resources/basicLogo.png
  artifactKey: Guid(f75e2b1809ad796469251378de80ccb1) Importer(815301076,1909f56bfc062723c751e8b465ee728b)
Start importing Assets/Invector-3rdPersonController_LITE/Resources/basicLogo.png using Guid(f75e2b1809ad796469251378de80ccb1) Importer(815301076,1909f56bfc062723c751e8b465ee728b)  -> (artifact id: '1c2be814586da9505cb1696cd5ab966a') in 0.030623 seconds 
  Import took 0.036133 seconds .

========================================================================
Received Import Request.
  Time since last request: 0.000265 seconds.
  path: Assets/LB3D/CrabMonster/Scenes/watermark.psd
  artifactKey: Guid(62fd8a7c90e6f7f43b3224bc2f625834) Importer(815301076,1909f56bfc062723c751e8b465ee728b)
Start importing Assets/LB3D/CrabMonster/Scenes/watermark.psd using Guid(62fd8a7c90e6f7f43b3224bc2f625834) Importer(815301076,1909f56bfc062723c751e8b465ee728b)  -> (artifact id: 'd053bdd92910dab189fe38119d7db3b9') in 0.089128 seconds 
  Import took 0.093433 seconds .

========================================================================
Received Import Request.
  Time since last request: 0.000300 seconds.
  path: Assets/Invector-3rdPersonController_LITE/Resources/button_skin.png
  artifactKey: Guid(402805c5625269b49beb34649a86a4d1) Importer(815301076,1909f56bfc062723c751e8b465ee728b)
Start importing Assets/Invector-3rdPersonController_LITE/Resources/button_skin.png using Guid(402805c5625269b49beb34649a86a4d1) Importer(815301076,1909f56bfc062723c751e8b465ee728b)  -> (artifact id: '47aad77f6932f6e5b8e51ab5f0d87923') in 0.014874 seconds 
  Import took 0.019224 seconds .

========================================================================
Received Import Request.
  Time since last request: 0.000539 seconds.
  path: Assets/Invector-3rdPersonController_LITE/Resources/hightlightBox.png
  artifactKey: Guid(5dfcf9622f12816418d439efe678683a) Importer(815301076,1909f56bfc062723c751e8b465ee728b)
Start importing Assets/Invector-3rdPersonController_LITE/Resources/hightlightBox.png using Guid(5dfcf9622f12816418d439efe678683a) Importer(815301076,1909f56bfc062723c751e8b465ee728b)  -> (artifact id: '87056afbdcd1ee0061feafca11985747') in 0.017054 seconds 
  Import took 0.022428 seconds .

========================================================================
Received Import Request.
  Time since last request: 0.000304 seconds.
  path: Assets/Invector-3rdPersonController_LITE/Resources/logo.png
  artifactKey: Guid(b41c20f228db90a4b8a48d3585f54c4c) Importer(815301076,1909f56bfc062723c751e8b465ee728b)
Start importing Assets/Invector-3rdPersonController_LITE/Resources/logo.png using Guid(b41c20f228db90a4b8a48d3585f54c4c) Importer(815301076,1909f56bfc062723c751e8b465ee728b)  -> (artifact id: '532e3e8679d043b95bb936f4846ce266') in 0.033921 seconds 
  Import took 0.039091 seconds .

========================================================================
Received Import Request.
  Time since last request: 0.000439 seconds.
  path: Assets/Invector-3rdPersonController_LITE/3D Models/Textures/basicTextures/Melee-Logo.png
  artifactKey: Guid(afc1f4ecbdcff7748a784b17612054ab) Importer(815301076,1909f56bfc062723c751e8b465ee728b)
Start importing Assets/Invector-3rdPersonController_LITE/3D Models/Textures/basicTextures/Melee-Logo.png using Guid(afc1f4ecbdcff7748a784b17612054ab) Importer(815301076,1909f56bfc062723c751e8b465ee728b)  -> (artifact id: '59d2c4bdb848ad04763d1a4b64437bbb') in 0.024114 seconds 
  Import took 0.030093 seconds .

========================================================================
Received Import Request.
  Time since last request: 0.000379 seconds.
  path: Assets/Invector-3rdPersonController_LITE/Resources/customBox.png
  artifactKey: Guid(852a86a871b25ff4ea50a13a4c391999) Importer(815301076,1909f56bfc062723c751e8b465ee728b)
Start importing Assets/Invector-3rdPersonController_LITE/Resources/customBox.png using Guid(852a86a871b25ff4ea50a13a4c391999) Importer(815301076,1909f56bfc062723c751e8b465ee728b)  -> (artifact id: '06f1aaaaceebbad16e21cd4ad0f27f56') in 0.016217 seconds 
  Import took 0.020689 seconds .

========================================================================
Received Import Request.
  Time since last request: 0.000258 seconds.
  path: Assets/Invector-3rdPersonController_LITE/Resources/TextAreaSkin.png
  artifactKey: Guid(d5bee62c9974267469602e2c42dda181) Importer(815301076,1909f56bfc062723c751e8b465ee728b)
Start importing Assets/Invector-3rdPersonController_LITE/Resources/TextAreaSkin.png using Guid(d5bee62c9974267469602e2c42dda181) Importer(815301076,1909f56bfc062723c751e8b465ee728b)  -> (artifact id: 'a2e8f5411a3e39590901678e7b3b02c4') in 0.018215 seconds 
  Import took 0.023301 seconds .

========================================================================
Received Import Request.
  Time since last request: 0.000340 seconds.
  path: Assets/LB3D/CrabMonster/Scenes/watermark.png
  artifactKey: Guid(98bf67f4492231246b75935695a7520f) Importer(815301076,1909f56bfc062723c751e8b465ee728b)
Start importing Assets/LB3D/CrabMonster/Scenes/watermark.png using Guid(98bf67f4492231246b75935695a7520f) Importer(815301076,1909f56bfc062723c751e8b465ee728b)  -> (artifact id: 'ef8a5c61a440e1dc75978244663c13a7') in 0.013451 seconds 
  Import took 0.017528 seconds .

========================================================================
Received Import Request.
  Time since last request: 0.000274 seconds.
  path: Assets/Invector-3rdPersonController_LITE/Resources/square.png
  artifactKey: Guid(f981fdad814cbfb43969712c51317bae) Importer(815301076,1909f56bfc062723c751e8b465ee728b)
Start importing Assets/Invector-3rdPersonController_LITE/Resources/square.png using Guid(f981fdad814cbfb43969712c51317bae) Importer(815301076,1909f56bfc062723c751e8b465ee728b)  -> (artifact id: 'd91ce6c5a82ddbc94dff5fcecf5954ec') in 0.019023 seconds 
  Import took 0.023091 seconds .

========================================================================
Received Import Request.
  Time since last request: 0.000263 seconds.
  path: Assets/LB3D/CrabMonster/Scenes/Textures/lb3d-logo-bright.png
  artifactKey: Guid(da795bb278cc7934f8933a95cbaefc31) Importer(815301076,1909f56bfc062723c751e8b465ee728b)
Start importing Assets/LB3D/CrabMonster/Scenes/Textures/lb3d-logo-bright.png using Guid(da795bb278cc7934f8933a95cbaefc31) Importer(815301076,1909f56bfc062723c751e8b465ee728b)  -> (artifact id: 'd3c1bc112a05583b6cbdce1e0acb580c') in 0.017780 seconds 
  Import took 0.022608 seconds .

========================================================================
Received Import Request.
  Time since last request: 0.000265 seconds.
  path: Assets/Invector-3rdPersonController_LITE/Resources/boxLight.png
  artifactKey: Guid(9343ecc466b190245b24789e1fc2f085) Importer(815301076,1909f56bfc062723c751e8b465ee728b)
Start importing Assets/Invector-3rdPersonController_LITE/Resources/boxLight.png using Guid(9343ecc466b190245b24789e1fc2f085) Importer(815301076,1909f56bfc062723c751e8b465ee728b)  -> (artifact id: '535ed8b6a56bc0094209952ffbfff225') in 0.017436 seconds 
  Import took 0.020709 seconds .

========================================================================
Received Import Request.
  Time since last request: 0.000377 seconds.
  path: Assets/Invector-3rdPersonController_LITE/Resources/icon_v2.png
  artifactKey: Guid(0536d8ada72a6ac4695386ea4bcd1ebe) Importer(815301076,1909f56bfc062723c751e8b465ee728b)
Start importing Assets/Invector-3rdPersonController_LITE/Resources/icon_v2.png using Guid(0536d8ada72a6ac4695386ea4bcd1ebe) Importer(815301076,1909f56bfc062723c751e8b465ee728b)  -> (artifact id: 'd2b5f456c8d53a67d3025d3c901214e1') in 0.018921 seconds 
  Import took 0.024199 seconds .

========================================================================
Received Import Request.
  Time since last request: 0.000290 seconds.
  path: Assets/Invector-3rdPersonController_LITE/Resources/templatesFeatures.png
  artifactKey: Guid(538243fb8b0699040a432eadb25c0864) Importer(815301076,1909f56bfc062723c751e8b465ee728b)
Start importing Assets/Invector-3rdPersonController_LITE/Resources/templatesFeatures.png using Guid(538243fb8b0699040a432eadb25c0864) Importer(815301076,1909f56bfc062723c751e8b465ee728b)  -> (artifact id: 'e3430beac79b9210d0068abeab12815d') in 0.031008 seconds 
  Import took 0.037137 seconds .

========================================================================
Received Import Request.
  Time since last request: 0.000254 seconds.
  path: Assets/Invector-3rdPersonController_LITE/Resources/templatesPromo.jpg
  artifactKey: Guid(38ad7ac5d5d785146a42d2dc6e4f7e42) Importer(815301076,1909f56bfc062723c751e8b465ee728b)
Start importing Assets/Invector-3rdPersonController_LITE/Resources/templatesPromo.jpg using Guid(38ad7ac5d5d785146a42d2dc6e4f7e42) Importer(815301076,1909f56bfc062723c751e8b465ee728b)  -> (artifact id: '60000021e36f385c05d22884ea1c64e8') in 0.034117 seconds 
  Import took 0.038153 seconds .

========================================================================
Received Import Request.
  Time since last request: 20.578778 seconds.
  path: Assets/Invector-3rdPersonController_LITE/Resources/Reckoner.ttf
  artifactKey: Guid(6d5f66926f86d304eadada78d16964b0) Importer(815301076,1909f56bfc062723c751e8b465ee728b)
Start importing Assets/Invector-3rdPersonController_LITE/Resources/Reckoner.ttf using Guid(6d5f66926f86d304eadada78d16964b0) Importer(815301076,1909f56bfc062723c751e8b465ee728b)  -> (artifact id: '66d7575699f3f7c79339ba782c544946') in 0.590702 seconds 
  Import took 0.595759 seconds .

========================================================================
Received Import Request.
  Time since last request: 0.000372 seconds.
  path: Assets/Invector-3rdPersonController_LITE/Resources/stealthKillAddon.png
  artifactKey: Guid(5f31421fa86e2154995a12ee87a8d724) Importer(815301076,1909f56bfc062723c751e8b465ee728b)
Start importing Assets/Invector-3rdPersonController_LITE/Resources/stealthKillAddon.png using Guid(5f31421fa86e2154995a12ee87a8d724) Importer(815301076,1909f56bfc062723c751e8b465ee728b)  -> (artifact id: 'b9c49ab4a8c0bcedcd011fc55ebc3f23') in 0.010848 seconds 
  Import took 0.015366 seconds .

========================================================================
Received Import Request.
  Time since last request: 0.000501 seconds.
  path: Assets/Invector-3rdPersonController_LITE/Resources/Reckoner.ttf
  artifactKey: Guid(6d5f66926f86d304eadada78d16964b0) Importer(815301076,1909f56bfc062723c751e8b465ee728b)
Start importing Assets/Invector-3rdPersonController_LITE/Resources/Reckoner.ttf using Guid(6d5f66926f86d304eadada78d16964b0) Importer(815301076,1909f56bfc062723c751e8b465ee728b)  -> (artifact id: '66d7575699f3f7c79339ba782c544946') in 0.016068 seconds 
  Import took 0.019442 seconds .

========================================================================
Received Import Request.
  Time since last request: 0.000273 seconds.
  path: Assets/Invector-3rdPersonController_LITE/Resources/stealthKillAddon.png
  artifactKey: Guid(5f31421fa86e2154995a12ee87a8d724) Importer(815301076,1909f56bfc062723c751e8b465ee728b)
Start importing Assets/Invector-3rdPersonController_LITE/Resources/stealthKillAddon.png using Guid(5f31421fa86e2154995a12ee87a8d724) Importer(815301076,1909f56bfc062723c751e8b465ee728b)  -> (artifact id: 'b9c49ab4a8c0bcedcd011fc55ebc3f23') in 0.025244 seconds 
  Import took 0.028166 seconds .

========================================================================
Received Import Request.
  Time since last request: 0.000342 seconds.
  path: Assets/Invector-3rdPersonController_LITE/Resources/swimmingAddon.png
  artifactKey: Guid(177313a88df715742a9552ff5f743007) Importer(815301076,1909f56bfc062723c751e8b465ee728b)
Start importing Assets/Invector-3rdPersonController_LITE/Resources/swimmingAddon.png using Guid(177313a88df715742a9552ff5f743007) Importer(815301076,1909f56bfc062723c751e8b465ee728b)  -> (artifact id: 'f43c5cb1ed289b3bc66d7a6208669d65') in 0.025975 seconds 
  Import took 0.030454 seconds .

========================================================================
Received Prepare
Registering precompiled user dll's ...
Registered in 0.022755 seconds.
Begin MonoManager ReloadAssembly
Native extension for WindowsStandalone target not found
Native extension for WebGL target not found
Refreshing native plugins compatible for Editor in 0.49 ms, found 2 plugins.
Preloading 0 native plugins for Editor in 0.00 ms.
Mono: successfully reloaded assembly
- Completed reload, in  1.583 seconds
Platform modules already initialized, skipping
Refreshing native plugins compatible for Editor in 0.48 ms, found 2 plugins.
Preloading 0 native plugins for Editor in 0.00 ms.
Unloading 1408 Unused Serialized files (Serialized files now loaded: 0)
System memory in use before: 85.7 MB.
System memory in use after: 85.8 MB.

Unloading 14 unused Assets to reduce memory usage. Loaded Objects now: 1942.
Total: 2.536300 ms (FindLiveObjects: 0.184800 ms CreateObjectMapping: 0.060300 ms MarkObjects: 2.219500 ms  DeleteObjects: 0.070400 ms)

AssetImportParameters requested are different than current active one (requested -> active):
  custom:framework-win-MediaFoundation: 216162199b28c13a410421893ffa2e32 -> 
  custom:video-decoder-ogg-theora: a1e56fd34408186e4bbccfd4996cb3dc -> 
  custom:container-muxer-webm: aa71ff27fc2769a1b78a27578f13a17b -> 
  custom:container-demuxer-webm: 4f35f7cbe854078d1ac9338744f61a02 -> 
  custom:container-demuxer-ogg: 62fdf1f143b41e24485cea50d1cbac27 -> 
  custom:video-encoder-webm-vp8: eb34c28f22e8b96e1ab97ce403110664 -> 
  custom:video-codec-MediaFoundation-h265: 746d11721c4dcdbdad8f713fa42b33f4 -> 
  custom:video-decoder-webm-vp8: 9c59270c3fd7afecdb556c50c9e8de78 -> 
  custom:audio-decoder-ogg-vorbis: bf7c407c2cedff20999df2af8eb42d56 -> 
  custom:audio-encoder-webm-vorbis: bf7c407c2cedff20999df2af8eb42d56 -> 
========================================================================
Received Prepare
Registering precompiled user dll's ...
Registered in 0.006683 seconds.
Begin MonoManager ReloadAssembly
Native extension for WindowsStandalone target not found
Native extension for WebGL target not found
Refreshing native plugins compatible for Editor in 0.42 ms, found 2 plugins.
Preloading 0 native plugins for Editor in 0.00 ms.
Mono: successfully reloaded assembly
- Completed reload, in  1.192 seconds
Platform modules already initialized, skipping
Refreshing native plugins compatible for Editor in 0.43 ms, found 2 plugins.
Preloading 0 native plugins for Editor in 0.00 ms.
Unloading 1408 Unused Serialized files (Serialized files now loaded: 0)
System memory in use before: 85.7 MB.
System memory in use after: 85.8 MB.

Unloading 14 unused Assets to reduce memory usage. Loaded Objects now: 1945.
Total: 2.228300 ms (FindLiveObjects: 0.170600 ms CreateObjectMapping: 0.044000 ms MarkObjects: 1.956700 ms  DeleteObjects: 0.056000 ms)

AssetImportParameters requested are different than current active one (requested -> active):
  custom:framework-win-MediaFoundation: 216162199b28c13a410421893ffa2e32 -> 
  custom:video-decoder-ogg-theora: a1e56fd34408186e4bbccfd4996cb3dc -> 
  custom:container-muxer-webm: aa71ff27fc2769a1b78a27578f13a17b -> 
  custom:container-demuxer-webm: 4f35f7cbe854078d1ac9338744f61a02 -> 
  custom:container-demuxer-ogg: 62fdf1f143b41e24485cea50d1cbac27 -> 
  custom:video-encoder-webm-vp8: eb34c28f22e8b96e1ab97ce403110664 -> 
  custom:video-codec-MediaFoundation-h265: 746d11721c4dcdbdad8f713fa42b33f4 -> 
  custom:video-decoder-webm-vp8: 9c59270c3fd7afecdb556c50c9e8de78 -> 
  custom:audio-decoder-ogg-vorbis: bf7c407c2cedff20999df2af8eb42d56 -> 
  custom:audio-encoder-webm-vorbis: bf7c407c2cedff20999df2af8eb42d56 -> 
========================================================================
Received Import Request.
  Time since last request: 745.769504 seconds.
  path: Assets/Script/AIBase3D.cs
  artifactKey: Guid(d838f42da3d84374099a561707b0f5e6) Importer(815301076,1909f56bfc062723c751e8b465ee728b)
Start importing Assets/Script/AIBase3D.cs using Guid(d838f42da3d84374099a561707b0f5e6) Importer(815301076,1909f56bfc062723c751e8b465ee728b)  -> (artifact id: '0557859ece03f12aa23d94e8f89c99f5') in 0.008986 seconds 
  Import took 0.014951 seconds .

========================================================================
Received Prepare
Registering precompiled user dll's ...
Registered in 0.005266 seconds.
Begin MonoManager ReloadAssembly
Native extension for WindowsStandalone target not found
Native extension for WebGL target not found
Refreshing native plugins compatible for Editor in 0.72 ms, found 2 plugins.
Preloading 0 native plugins for Editor in 0.00 ms.
Mono: successfully reloaded assembly
- Completed reload, in  1.983 seconds
Platform modules already initialized, skipping
Refreshing native plugins compatible for Editor in 0.96 ms, found 2 plugins.
Preloading 0 native plugins for Editor in 0.00 ms.
Unloading 1408 Unused Serialized files (Serialized files now loaded: 0)
System memory in use before: 85.8 MB.
System memory in use after: 85.9 MB.

Unloading 14 unused Assets to reduce memory usage. Loaded Objects now: 1948.
Total: 4.256700 ms (FindLiveObjects: 0.259000 ms CreateObjectMapping: 0.094900 ms MarkObjects: 3.798000 ms  DeleteObjects: 0.102400 ms)

AssetImportParameters requested are different than current active one (requested -> active):
  custom:framework-win-MediaFoundation: 216162199b28c13a410421893ffa2e32 -> 
  custom:video-decoder-ogg-theora: a1e56fd34408186e4bbccfd4996cb3dc -> 
  custom:container-muxer-webm: aa71ff27fc2769a1b78a27578f13a17b -> 
  custom:container-demuxer-webm: 4f35f7cbe854078d1ac9338744f61a02 -> 
  custom:container-demuxer-ogg: 62fdf1f143b41e24485cea50d1cbac27 -> 
  custom:video-encoder-webm-vp8: eb34c28f22e8b96e1ab97ce403110664 -> 
  custom:video-codec-MediaFoundation-h265: 746d11721c4dcdbdad8f713fa42b33f4 -> 
  custom:video-decoder-webm-vp8: 9c59270c3fd7afecdb556c50c9e8de78 -> 
  custom:audio-decoder-ogg-vorbis: bf7c407c2cedff20999df2af8eb42d56 -> 
  custom:audio-encoder-webm-vorbis: bf7c407c2cedff20999df2af8eb42d56 -> 
========================================================================
Received Import Request.
  Time since last request: 99.476866 seconds.
  path: Assets/Script/AIBase3D.cs
  artifactKey: Guid(d838f42da3d84374099a561707b0f5e6) Importer(815301076,1909f56bfc062723c751e8b465ee728b)
Start importing Assets/Script/AIBase3D.cs using Guid(d838f42da3d84374099a561707b0f5e6) Importer(815301076,1909f56bfc062723c751e8b465ee728b)  -> (artifact id: '8a3c496f34a19196c18babffba93205d') in 0.012619 seconds 
  Import took 0.021408 seconds .

