Using pre-set license
Built from '2020.3/release' branch; Version is '2020.3.12f1 (b3b2c6512326) revision 11776710'; Using compiler version '192528614'; Build Type 'Release'
OS: 'Windows 10 Home; OS build 19042.1237; Version 2009; 64bit' Language: 'zh' Physical Memory: 8066 MB
BatchMode: 1, IsHumanControllingUs: 0, StartBugReporterOnCrash: 0, Is64bit: 1, IsPro: 0

 COMMAND LINE ARGUMENTS:
C:\Program Files\Unity\2020.3.12f1\Editor\Unity.exe
-adb2
-batchMode
-noUpm
-name
AssetImportWorker0
-projectPath
C:/Users/user/Desktop/HC/Unity/Unity_HC_TC_3D_RPG_PrototypeNieR/3DRPG_PrototypeNieR
-logFile
Logs/AssetImportWorker0.log
-srvPort
60022
Successfully changed project path to: C:/Users/user/Desktop/HC/Unity/Unity_HC_TC_3D_RPG_PrototypeNieR/3DRPG_PrototypeNieR
C:/Users/user/Desktop/HC/Unity/Unity_HC_TC_3D_RPG_PrototypeNieR/3DRPG_PrototypeNieR
Using Asset Import Pipeline V2.
Refreshing native plugins compatible for Editor in 45.10 ms, found 2 plugins.
Preloading 0 native plugins for Editor in 0.00 ms.
Initialize engine version: 2020.3.12f1 (b3b2c6512326)
[Subsystems] Discovering subsystems at path C:/Program Files/Unity/2020.3.12f1/Editor/Data/Resources/UnitySubsystems
[Subsystems] Discovering subsystems at path C:/Users/user/Desktop/HC/Unity/Unity_HC_TC_3D_RPG_PrototypeNieR/3DRPG_PrototypeNieR/Assets
GfxDevice: creating device client; threaded=0
Direct3D:
    Version:  Direct3D 11.0 [level 11.1]
    Renderer: NVIDIA GeForce MX150 (ID=0x1d10)
    Vendor:   
    VRAM:     1983 MB
    Driver:   27.21.14.6663
Initialize mono
Mono path[0] = 'C:/Program Files/Unity/2020.3.12f1/Editor/Data/Managed'
Mono path[1] = 'C:/Program Files/Unity/2020.3.12f1/Editor/Data/MonoBleedingEdge/lib/mono/unityjit'
Mono config path = 'C:/Program Files/Unity/2020.3.12f1/Editor/Data/MonoBleedingEdge/etc'
Using monoOptions --debugger-agent=transport=dt_socket,embedding=1,server=y,suspend=n,address=127.0.0.1:56920
Begin MonoManager ReloadAssembly
Registering precompiled unity dll's ...
Register platform support module: C:/Program Files/Unity/2020.3.12f1/Editor/Data/PlaybackEngines/WebGLSupport/UnityEditor.WebGL.Extensions.dll
Register platform support module: C:/Program Files/Unity/2020.3.12f1/Editor/Data/PlaybackEngines/WindowsStandaloneSupport/UnityEditor.WindowsStandalone.Extensions.dll
Registered in 0.009813 seconds.
Native extension for WindowsStandalone target not found
Native extension for WebGL target not found
Refreshing native plugins compatible for Editor in 43.25 ms, found 2 plugins.
Preloading 0 native plugins for Editor in 0.00 ms.
Mono: successfully reloaded assembly
- Completed reload, in  5.753 seconds
Platform modules already initialized, skipping
Registering precompiled user dll's ...
Registered in 0.122199 seconds.
Begin MonoManager ReloadAssembly
Native extension for WindowsStandalone target not found
Native extension for WebGL target not found
Refreshing native plugins compatible for Editor in 0.69 ms, found 2 plugins.
Preloading 0 native plugins for Editor in 0.00 ms.
Mono: successfully reloaded assembly
- Completed reload, in  2.484 seconds
Platform modules already initialized, skipping
========================================================================
Worker process is ready to serve import requests
Launched and connected shader compiler UnityShaderCompiler.exe after 0.16 seconds
Refreshing native plugins compatible for Editor in 0.91 ms, found 2 plugins.
Preloading 0 native plugins for Editor in 0.00 ms.
Unloading 1406 Unused Serialized files (Serialized files now loaded: 0)
System memory in use before: 68.2 MB.
System memory in use after: 68.2 MB.

Unloading 19 unused Assets to reduce memory usage. Loaded Objects now: 1850.
Total: 4.040500 ms (FindLiveObjects: 0.256200 ms CreateObjectMapping: 0.128300 ms MarkObjects: 3.448900 ms  DeleteObjects: 0.205000 ms)

AssetImportParameters requested are different than current active one (requested -> active):
  custom:framework-win-MediaFoundation: 216162199b28c13a410421893ffa2e32 -> 
  custom:video-decoder-ogg-theora: a1e56fd34408186e4bbccfd4996cb3dc -> 
  custom:container-muxer-webm: aa71ff27fc2769a1b78a27578f13a17b -> 
  custom:container-demuxer-webm: 4f35f7cbe854078d1ac9338744f61a02 -> 
  custom:container-demuxer-ogg: 62fdf1f143b41e24485cea50d1cbac27 -> 
  custom:video-encoder-webm-vp8: eb34c28f22e8b96e1ab97ce403110664 -> 
  custom:video-codec-MediaFoundation-h265: 746d11721c4dcdbdad8f713fa42b33f4 -> 
  custom:video-decoder-webm-vp8: 9c59270c3fd7afecdb556c50c9e8de78 -> 
  custom:audio-decoder-ogg-vorbis: bf7c407c2cedff20999df2af8eb42d56 -> 
  custom:audio-encoder-webm-vorbis: bf7c407c2cedff20999df2af8eb42d56 -> 
========================================================================
Received Import Request.
  path: Assets/Animations/Man_Mesh@Punching.fbx
  artifactKey: Guid(bf4e7c274d6076742ab40c7613b42c74) Importer(815301076,1909f56bfc062723c751e8b465ee728b)
Start importing Assets/Animations/Man_Mesh@Punching.fbx using Guid(bf4e7c274d6076742ab40c7613b42c74) Importer(815301076,1909f56bfc062723c751e8b465ee728b)  -> (artifact id: '9f2698ea9d85890046cee258613d0836') in 0.124864 seconds 
  Import took 0.132385 seconds .

========================================================================
Received Import Request.
  Time since last request: 21.953414 seconds.
  path: Assets/Animations/Man_Mesh@Punching.fbx
  artifactKey: Guid(bf4e7c274d6076742ab40c7613b42c74) Importer(815301076,1909f56bfc062723c751e8b465ee728b)
Start importing Assets/Animations/Man_Mesh@Punching.fbx using Guid(bf4e7c274d6076742ab40c7613b42c74) Importer(815301076,1909f56bfc062723c751e8b465ee728b)  -> (artifact id: '76584a7f823aa82d36b2d1220c157143') in 0.007625 seconds 
  Import took 0.012541 seconds .

========================================================================
Received Import Request.
  Time since last request: 84.819202 seconds.
  path: Assets/Animations/Man_Mesh@Punching.fbx
  artifactKey: Guid(bf4e7c274d6076742ab40c7613b42c74) Importer(815301076,1909f56bfc062723c751e8b465ee728b)
Start importing Assets/Animations/Man_Mesh@Punching.fbx using Guid(bf4e7c274d6076742ab40c7613b42c74) Importer(815301076,1909f56bfc062723c751e8b465ee728b)  -> (artifact id: '49d57290280a4df63812519d8e226c0d') in 0.009235 seconds 
  Import took 0.013368 seconds .

========================================================================
Received Import Request.
  Time since last request: 43.484223 seconds.
  path: Assets/Animations/Man_Mesh@Standing 2H Magic Attack 04.fbx
  artifactKey: Guid(57e3c481aac880045af69d14d5582ac2) Importer(815301076,1909f56bfc062723c751e8b465ee728b)
Start importing Assets/Animations/Man_Mesh@Standing 2H Magic Attack 04.fbx using Guid(57e3c481aac880045af69d14d5582ac2) Importer(815301076,1909f56bfc062723c751e8b465ee728b)  -> (artifact id: '6e7e56314172384ceacffbea05288548') in 0.009716 seconds 
  Import took 0.014767 seconds .

========================================================================
Received Import Request.
  Time since last request: 13.076520 seconds.
  path: Assets/Animations/Man_Mesh@Standing 2H Magic Attack 04.fbx
  artifactKey: Guid(57e3c481aac880045af69d14d5582ac2) Importer(815301076,1909f56bfc062723c751e8b465ee728b)
Start importing Assets/Animations/Man_Mesh@Standing 2H Magic Attack 04.fbx using Guid(57e3c481aac880045af69d14d5582ac2) Importer(815301076,1909f56bfc062723c751e8b465ee728b)  -> (artifact id: '554068eb4affb1fa64ac947a39d09579') in 0.009407 seconds 
  Import took 0.013405 seconds .

========================================================================
Received Import Request.
  Time since last request: 15.111556 seconds.
  path: Assets/Animations/Man_Mesh@Standing Melee Attack Kick Ver. 2.fbx
  artifactKey: Guid(0ae9bbf02d3ff9244a45b57f2a48b832) Importer(815301076,1909f56bfc062723c751e8b465ee728b)
Start importing Assets/Animations/Man_Mesh@Standing Melee Attack Kick Ver. 2.fbx using Guid(0ae9bbf02d3ff9244a45b57f2a48b832) Importer(815301076,1909f56bfc062723c751e8b465ee728b)  -> (artifact id: '1aab3a1012636e3122bf647b8c0f49bd') in 0.019079 seconds 
  Import took 0.027722 seconds .

========================================================================
Received Import Request.
  Time since last request: 32.742437 seconds.
  path: Assets/Animations/Man_Mesh@Standing 2H Magic Attack 04.fbx
  artifactKey: Guid(57e3c481aac880045af69d14d5582ac2) Importer(815301076,1909f56bfc062723c751e8b465ee728b)
Start importing Assets/Animations/Man_Mesh@Standing 2H Magic Attack 04.fbx using Guid(57e3c481aac880045af69d14d5582ac2) Importer(815301076,1909f56bfc062723c751e8b465ee728b)  -> (artifact id: 'd076a84f4d15f69e3eb9f85d3a40134b') in 0.040252 seconds 
  Import took 0.054943 seconds .

========================================================================
Received Import Request.
  Time since last request: 13.821859 seconds.
  path: Assets/Animations/Man_Mesh@Standing Melee Attack Kick Ver. 2.fbx
  artifactKey: Guid(0ae9bbf02d3ff9244a45b57f2a48b832) Importer(815301076,1909f56bfc062723c751e8b465ee728b)
Start importing Assets/Animations/Man_Mesh@Standing Melee Attack Kick Ver. 2.fbx using Guid(0ae9bbf02d3ff9244a45b57f2a48b832) Importer(815301076,1909f56bfc062723c751e8b465ee728b)  -> (artifact id: '30e8619dccbf6d1476a38172df69ab47') in 0.018114 seconds 
  Import took 0.024035 seconds .

========================================================================
Received Import Request.
  Time since last request: 0.636548 seconds.
  path: Assets/Animations/Man_Mesh@Uppercut.fbx
  artifactKey: Guid(0578be428f2fdb34389cd7447b93b93b) Importer(815301076,1909f56bfc062723c751e8b465ee728b)
Start importing Assets/Animations/Man_Mesh@Uppercut.fbx using Guid(0578be428f2fdb34389cd7447b93b93b) Importer(815301076,1909f56bfc062723c751e8b465ee728b)  -> (artifact id: 'a15c3a4e83f9df5be05a93d44d61a7c5') in 0.022122 seconds 
  Import took 0.034851 seconds .

========================================================================
Received Import Request.
  Time since last request: 7.814197 seconds.
  path: Assets/Animations/Man_Mesh@Uppercut.fbx
  artifactKey: Guid(0578be428f2fdb34389cd7447b93b93b) Importer(815301076,1909f56bfc062723c751e8b465ee728b)
Start importing Assets/Animations/Man_Mesh@Uppercut.fbx using Guid(0578be428f2fdb34389cd7447b93b93b) Importer(815301076,1909f56bfc062723c751e8b465ee728b)  -> (artifact id: 'abd43d3b769842186ef1dcde39f709b0') in 0.017587 seconds 
  Import took 0.094857 seconds .

========================================================================
Received Import Request.
  Time since last request: 19.246504 seconds.
  path: Assets/Animations/Man_Mesh@Uppercut.fbx
  artifactKey: Guid(0578be428f2fdb34389cd7447b93b93b) Importer(815301076,1909f56bfc062723c751e8b465ee728b)
Start importing Assets/Animations/Man_Mesh@Uppercut.fbx using Guid(0578be428f2fdb34389cd7447b93b93b) Importer(815301076,1909f56bfc062723c751e8b465ee728b)  -> (artifact id: '30c044cdcf6eb63e9e5ba482dfaa2020') in 0.018536 seconds 
  Import took 0.030249 seconds .

========================================================================
Received Import Request.
  Time since last request: 27.309969 seconds.
  path: Assets/Animations/Man_Mesh@Standing Melee Attack Kick Ver. 2.fbx
  artifactKey: Guid(0ae9bbf02d3ff9244a45b57f2a48b832) Importer(815301076,1909f56bfc062723c751e8b465ee728b)
Start importing Assets/Animations/Man_Mesh@Standing Melee Attack Kick Ver. 2.fbx using Guid(0ae9bbf02d3ff9244a45b57f2a48b832) Importer(815301076,1909f56bfc062723c751e8b465ee728b)  -> (artifact id: 'd726188bec3c826b8a64f112bbe57af5') in 0.019737 seconds 
  Import took 0.030659 seconds .

========================================================================
Received Import Request.
  Time since last request: 419.909836 seconds.
  path: Assets/Invector-3rdPersonController_LITE/Animator/Invector@BasicLocomotion.controller
  artifactKey: Guid(cbd1db45c75e5b948a5befe9ecb80421) Importer(815301076,1909f56bfc062723c751e8b465ee728b)
Start importing Assets/Invector-3rdPersonController_LITE/Animator/Invector@BasicLocomotion.controller using Guid(cbd1db45c75e5b948a5befe9ecb80421) Importer(815301076,1909f56bfc062723c751e8b465ee728b)  -> (artifact id: 'bef9eea5bc1ce28c4a4ec7db2ef3a864') in 0.155613 seconds 
  Import took 0.165828 seconds .

========================================================================
Received Import Request.
  Time since last request: 226.442906 seconds.
  path: Assets/Animations/玩家_攻擊上半身.mask
  artifactKey: Guid(0d9db4748b34ce34fbc59463843b2799) Importer(815301076,1909f56bfc062723c751e8b465ee728b)
Start importing Assets/Animations/玩家_攻擊上半身.mask using Guid(0d9db4748b34ce34fbc59463843b2799) Importer(815301076,1909f56bfc062723c751e8b465ee728b)  -> (artifact id: 'f050801bf57c25fdfdc7fa776c05ac4e') in 0.008044 seconds 
  Import took 0.012866 seconds .

========================================================================
Received Import Request.
  Time since last request: 0.010687 seconds.
  path: Assets/Animations/玩家_攻擊上半身.mask
  artifactKey: Guid(0d9db4748b34ce34fbc59463843b2799) Importer(815301076,1909f56bfc062723c751e8b465ee728b)
Start importing Assets/Animations/玩家_攻擊上半身.mask using Guid(0d9db4748b34ce34fbc59463843b2799) Importer(815301076,1909f56bfc062723c751e8b465ee728b)  -> (artifact id: 'f050801bf57c25fdfdc7fa776c05ac4e') in 0.008508 seconds 
  Import took 0.013289 seconds .

========================================================================
Received Import Request.
  Time since last request: 859.053802 seconds.
  path: Assets/Animations/玩家_攻擊上半身.mask
  artifactKey: Guid(0d9db4748b34ce34fbc59463843b2799) Importer(815301076,1909f56bfc062723c751e8b465ee728b)
Start importing Assets/Animations/玩家_攻擊上半身.mask using Guid(0d9db4748b34ce34fbc59463843b2799) Importer(815301076,1909f56bfc062723c751e8b465ee728b)  -> (artifact id: '013107e719b6cfa5d46be098d01761fa') in 0.005300 seconds 
  Import took 0.010869 seconds .

========================================================================
Received Import Request.
  Time since last request: 13.715238 seconds.
  path: Assets/Invector-3rdPersonController_LITE/Animator/Invector@BasicLocomotion.controller
  artifactKey: Guid(cbd1db45c75e5b948a5befe9ecb80421) Importer(815301076,1909f56bfc062723c751e8b465ee728b)
Start importing Assets/Invector-3rdPersonController_LITE/Animator/Invector@BasicLocomotion.controller using Guid(cbd1db45c75e5b948a5befe9ecb80421) Importer(815301076,1909f56bfc062723c751e8b465ee728b)  -> (artifact id: '862a107ae715fbee1d6765c23102ad08') in 0.107212 seconds 
  Import took 0.117134 seconds .

========================================================================
Received Import Request.
  Time since last request: 104.448709 seconds.
  path: Assets/Invector-3rdPersonController_LITE/Animator/Invector@BasicLocomotion.controller
  artifactKey: Guid(cbd1db45c75e5b948a5befe9ecb80421) Importer(815301076,1909f56bfc062723c751e8b465ee728b)
Start importing Assets/Invector-3rdPersonController_LITE/Animator/Invector@BasicLocomotion.controller using Guid(cbd1db45c75e5b948a5befe9ecb80421) Importer(815301076,1909f56bfc062723c751e8b465ee728b)  -> (artifact id: 'd4483f68ee4dfb5af96feaec9fa0fc10') in 0.106463 seconds 
  Import took 0.115389 seconds .

========================================================================
Received Prepare
Registering precompiled user dll's ...
Registered in 0.125424 seconds.
Begin MonoManager ReloadAssembly
Native extension for WindowsStandalone target not found
Native extension for WebGL target not found
Refreshing native plugins compatible for Editor in 0.74 ms, found 2 plugins.
Preloading 0 native plugins for Editor in 0.00 ms.
Mono: successfully reloaded assembly
- Completed reload, in  3.084 seconds
Platform modules already initialized, skipping
Refreshing native plugins compatible for Editor in 0.75 ms, found 2 plugins.
Preloading 0 native plugins for Editor in 0.00 ms.
Unloading 1401 Unused Serialized files (Serialized files now loaded: 0)
System memory in use before: 68.4 MB.
System memory in use after: 68.4 MB.

Unloading 14 unused Assets to reduce memory usage. Loaded Objects now: 1853.
Total: 4.279100 ms (FindLiveObjects: 0.442600 ms CreateObjectMapping: 0.178800 ms MarkObjects: 3.540500 ms  DeleteObjects: 0.114100 ms)

AssetImportParameters requested are different than current active one (requested -> active):
  custom:framework-win-MediaFoundation: 216162199b28c13a410421893ffa2e32 -> 
  custom:video-decoder-ogg-theora: a1e56fd34408186e4bbccfd4996cb3dc -> 
  custom:container-muxer-webm: aa71ff27fc2769a1b78a27578f13a17b -> 
  custom:container-demuxer-webm: 4f35f7cbe854078d1ac9338744f61a02 -> 
  custom:container-demuxer-ogg: 62fdf1f143b41e24485cea50d1cbac27 -> 
  custom:video-encoder-webm-vp8: eb34c28f22e8b96e1ab97ce403110664 -> 
  custom:video-codec-MediaFoundation-h265: 746d11721c4dcdbdad8f713fa42b33f4 -> 
  custom:video-decoder-webm-vp8: 9c59270c3fd7afecdb556c50c9e8de78 -> 
  custom:audio-decoder-ogg-vorbis: bf7c407c2cedff20999df2af8eb42d56 -> 
  custom:audio-encoder-webm-vorbis: bf7c407c2cedff20999df2af8eb42d56 -> 
========================================================================
Received Import Request.
  Time since last request: 531.101825 seconds.
  path: Assets/Animations/Man_Mesh@Uppercut.fbx
  artifactKey: Guid(0578be428f2fdb34389cd7447b93b93b) Importer(815301076,1909f56bfc062723c751e8b465ee728b)
Start importing Assets/Animations/Man_Mesh@Uppercut.fbx using Guid(0578be428f2fdb34389cd7447b93b93b) Importer(815301076,1909f56bfc062723c751e8b465ee728b)  -> (artifact id: '2539d81d42497ff6478dff6451d6e167') in 0.087388 seconds 
  Import took 0.094548 seconds .

========================================================================
Received Prepare
Registering precompiled user dll's ...
Registered in 0.018629 seconds.
Begin MonoManager ReloadAssembly
Native extension for WindowsStandalone target not found
Native extension for WebGL target not found
Refreshing native plugins compatible for Editor in 0.84 ms, found 2 plugins.
Preloading 0 native plugins for Editor in 0.00 ms.
Mono: successfully reloaded assembly
- Completed reload, in  2.630 seconds
Platform modules already initialized, skipping
Refreshing native plugins compatible for Editor in 1.05 ms, found 2 plugins.
Preloading 0 native plugins for Editor in 0.00 ms.
Unloading 1401 Unused Serialized files (Serialized files now loaded: 0)
System memory in use before: 68.4 MB.
System memory in use after: 68.5 MB.

Unloading 14 unused Assets to reduce memory usage. Loaded Objects now: 1856.
Total: 4.086500 ms (FindLiveObjects: 0.267700 ms CreateObjectMapping: 0.104700 ms MarkObjects: 3.621000 ms  DeleteObjects: 0.090400 ms)

AssetImportParameters requested are different than current active one (requested -> active):
  custom:framework-win-MediaFoundation: 216162199b28c13a410421893ffa2e32 -> 
  custom:video-decoder-ogg-theora: a1e56fd34408186e4bbccfd4996cb3dc -> 
  custom:container-muxer-webm: aa71ff27fc2769a1b78a27578f13a17b -> 
  custom:container-demuxer-webm: 4f35f7cbe854078d1ac9338744f61a02 -> 
  custom:container-demuxer-ogg: 62fdf1f143b41e24485cea50d1cbac27 -> 
  custom:video-encoder-webm-vp8: eb34c28f22e8b96e1ab97ce403110664 -> 
  custom:video-codec-MediaFoundation-h265: 746d11721c4dcdbdad8f713fa42b33f4 -> 
  custom:video-decoder-webm-vp8: 9c59270c3fd7afecdb556c50c9e8de78 -> 
  custom:audio-decoder-ogg-vorbis: bf7c407c2cedff20999df2af8eb42d56 -> 
  custom:audio-encoder-webm-vorbis: bf7c407c2cedff20999df2af8eb42d56 -> 
========================================================================
Received Import Request.
  Time since last request: 212.888811 seconds.
  path: Assets/Invector-3rdPersonController_LITE/Animator/Invector@BasicLocomotion.controller
  artifactKey: Guid(cbd1db45c75e5b948a5befe9ecb80421) Importer(815301076,1909f56bfc062723c751e8b465ee728b)
Start importing Assets/Invector-3rdPersonController_LITE/Animator/Invector@BasicLocomotion.controller using Guid(cbd1db45c75e5b948a5befe9ecb80421) Importer(815301076,1909f56bfc062723c751e8b465ee728b)  -> (artifact id: 'e187bc4d051fec05b9661e8ba9efb9a8') in 0.066480 seconds 
  Import took 0.072437 seconds .

========================================================================
Received Prepare
Registering precompiled user dll's ...
Registered in 0.012510 seconds.
Begin MonoManager ReloadAssembly
Native extension for WindowsStandalone target not found
Native extension for WebGL target not found
Refreshing native plugins compatible for Editor in 0.75 ms, found 2 plugins.
Preloading 0 native plugins for Editor in 0.00 ms.
Mono: successfully reloaded assembly
- Completed reload, in  2.697 seconds
Platform modules already initialized, skipping
Refreshing native plugins compatible for Editor in 0.72 ms, found 2 plugins.
Preloading 0 native plugins for Editor in 0.00 ms.
Unloading 1401 Unused Serialized files (Serialized files now loaded: 0)
System memory in use before: 68.4 MB.
System memory in use after: 68.5 MB.

Unloading 14 unused Assets to reduce memory usage. Loaded Objects now: 1859.
Total: 4.070400 ms (FindLiveObjects: 0.268100 ms CreateObjectMapping: 0.099600 ms MarkObjects: 3.597400 ms  DeleteObjects: 0.103700 ms)

AssetImportParameters requested are different than current active one (requested -> active):
  custom:framework-win-MediaFoundation: 216162199b28c13a410421893ffa2e32 -> 
  custom:video-decoder-ogg-theora: a1e56fd34408186e4bbccfd4996cb3dc -> 
  custom:container-muxer-webm: aa71ff27fc2769a1b78a27578f13a17b -> 
  custom:container-demuxer-webm: 4f35f7cbe854078d1ac9338744f61a02 -> 
  custom:container-demuxer-ogg: 62fdf1f143b41e24485cea50d1cbac27 -> 
  custom:video-encoder-webm-vp8: eb34c28f22e8b96e1ab97ce403110664 -> 
  custom:video-codec-MediaFoundation-h265: 746d11721c4dcdbdad8f713fa42b33f4 -> 
  custom:video-decoder-webm-vp8: 9c59270c3fd7afecdb556c50c9e8de78 -> 
  custom:audio-decoder-ogg-vorbis: bf7c407c2cedff20999df2af8eb42d56 -> 
  custom:audio-encoder-webm-vorbis: bf7c407c2cedff20999df2af8eb42d56 -> 
========================================================================
Received Import Request.
  Time since last request: 444.475415 seconds.
  path: Assets/Animations/Man_Mesh@Zombie Punching.fbx
  artifactKey: Guid(01ae22a6dc7f960409e7506793515619) Importer(815301076,1909f56bfc062723c751e8b465ee728b)
Start importing Assets/Animations/Man_Mesh@Zombie Punching.fbx using Guid(01ae22a6dc7f960409e7506793515619) Importer(815301076,1909f56bfc062723c751e8b465ee728b)  -> (artifact id: 'dced1a4e810a8c459c7a8d565349f487') in 0.137613 seconds 
  Import took 0.149148 seconds .

========================================================================
Received Import Request.
  Time since last request: 16.825858 seconds.
  path: Assets/Animations/Man_Mesh@Zombie Punching.fbx
  artifactKey: Guid(01ae22a6dc7f960409e7506793515619) Importer(815301076,1909f56bfc062723c751e8b465ee728b)
Start importing Assets/Animations/Man_Mesh@Zombie Punching.fbx using Guid(01ae22a6dc7f960409e7506793515619) Importer(815301076,1909f56bfc062723c751e8b465ee728b)  -> (artifact id: 'af6f9eb191e97b537cb795570c8ed578') in 0.026290 seconds 
  Import took 0.038975 seconds .

========================================================================
Received Import Request.
  Time since last request: 29.923733 seconds.
  path: Assets/Animations/Man_Mesh@Zombie Punching.fbx
  artifactKey: Guid(01ae22a6dc7f960409e7506793515619) Importer(815301076,1909f56bfc062723c751e8b465ee728b)
Start importing Assets/Animations/Man_Mesh@Zombie Punching.fbx using Guid(01ae22a6dc7f960409e7506793515619) Importer(815301076,1909f56bfc062723c751e8b465ee728b)  -> (artifact id: 'afb2aaaed0f3a74f6a1992f2391bc6ac') in 0.060021 seconds 
  Import took 0.075591 seconds .

========================================================================
Received Import Request.
  Time since last request: 0.034999 seconds.
  path: Assets/Animations/Man_Mesh@Zombie Punching.fbx
  artifactKey: Guid(01ae22a6dc7f960409e7506793515619) Importer(815301076,1909f56bfc062723c751e8b465ee728b)
Start importing Assets/Animations/Man_Mesh@Zombie Punching.fbx using Guid(01ae22a6dc7f960409e7506793515619) Importer(815301076,1909f56bfc062723c751e8b465ee728b)  -> (artifact id: 'afb2aaaed0f3a74f6a1992f2391bc6ac') in 0.112692 seconds 
  Import took 0.136784 seconds .

========================================================================
Received Import Request.
  Time since last request: 319.486529 seconds.
  path: Assets/Invector-3rdPersonController_LITE/Animator/Invector@BasicLocomotion.controller
  artifactKey: Guid(cbd1db45c75e5b948a5befe9ecb80421) Importer(815301076,1909f56bfc062723c751e8b465ee728b)
Start importing Assets/Invector-3rdPersonController_LITE/Animator/Invector@BasicLocomotion.controller using Guid(cbd1db45c75e5b948a5befe9ecb80421) Importer(815301076,1909f56bfc062723c751e8b465ee728b)  -> (artifact id: 'b296a9eb186b252196543ce23bc0769c') in 0.172892 seconds 
  Import took 0.184058 seconds .

========================================================================
Received Prepare
Registering precompiled user dll's ...
Registered in 0.024722 seconds.
Begin MonoManager ReloadAssembly
Native extension for WindowsStandalone target not found
Native extension for WebGL target not found
Refreshing native plugins compatible for Editor in 1.19 ms, found 2 plugins.
Preloading 0 native plugins for Editor in 0.00 ms.
Mono: successfully reloaded assembly
- Completed reload, in  2.745 seconds
Platform modules already initialized, skipping
Refreshing native plugins compatible for Editor in 0.86 ms, found 2 plugins.
Preloading 0 native plugins for Editor in 0.00 ms.
Unloading 1401 Unused Serialized files (Serialized files now loaded: 0)
System memory in use before: 68.4 MB.
System memory in use after: 68.5 MB.

Unloading 14 unused Assets to reduce memory usage. Loaded Objects now: 1862.
Total: 4.107000 ms (FindLiveObjects: 0.277800 ms CreateObjectMapping: 0.120400 ms MarkObjects: 3.545800 ms  DeleteObjects: 0.160200 ms)

AssetImportParameters requested are different than current active one (requested -> active):
  custom:framework-win-MediaFoundation: 216162199b28c13a410421893ffa2e32 -> 
  custom:video-decoder-ogg-theora: a1e56fd34408186e4bbccfd4996cb3dc -> 
  custom:container-muxer-webm: aa71ff27fc2769a1b78a27578f13a17b -> 
  custom:container-demuxer-webm: 4f35f7cbe854078d1ac9338744f61a02 -> 
  custom:container-demuxer-ogg: 62fdf1f143b41e24485cea50d1cbac27 -> 
  custom:video-encoder-webm-vp8: eb34c28f22e8b96e1ab97ce403110664 -> 
  custom:video-codec-MediaFoundation-h265: 746d11721c4dcdbdad8f713fa42b33f4 -> 
  custom:video-decoder-webm-vp8: 9c59270c3fd7afecdb556c50c9e8de78 -> 
  custom:audio-decoder-ogg-vorbis: bf7c407c2cedff20999df2af8eb42d56 -> 
  custom:audio-encoder-webm-vorbis: bf7c407c2cedff20999df2af8eb42d56 -> 
========================================================================
Received Import Request.
  Time since last request: 549.919239 seconds.
  path: Assets/Script/ttackA.cs
  artifactKey: Guid(61f92a21b5511a5449a63c663fe28a5a) Importer(815301076,1909f56bfc062723c751e8b465ee728b)
Start importing Assets/Script/ttackA.cs using Guid(61f92a21b5511a5449a63c663fe28a5a) Importer(815301076,1909f56bfc062723c751e8b465ee728b)  -> (artifact id: 'b5a970b708945cbc9f444dcbddbfcc53') in 0.246494 seconds 
  Import took 0.271608 seconds .

========================================================================
Received Import Request.
  Time since last request: 0.253679 seconds.
  path: Assets/Script/ttackA.cs
  artifactKey: Guid(61f92a21b5511a5449a63c663fe28a5a) Importer(815301076,1909f56bfc062723c751e8b465ee728b)
Start importing Assets/Script/ttackA.cs using Guid(61f92a21b5511a5449a63c663fe28a5a) Importer(815301076,1909f56bfc062723c751e8b465ee728b)  -> (artifact id: 'b5a970b708945cbc9f444dcbddbfcc53') in 0.022546 seconds 
  Import took 0.048943 seconds .

========================================================================
Received Prepare
Registering precompiled user dll's ...
Registered in 0.020632 seconds.
Begin MonoManager ReloadAssembly
Native extension for WindowsStandalone target not found
Native extension for WebGL target not found
Refreshing native plugins compatible for Editor in 0.95 ms, found 2 plugins.
Preloading 0 native plugins for Editor in 0.00 ms.
Mono: successfully reloaded assembly
- Completed reload, in  3.763 seconds
Platform modules already initialized, skipping
Refreshing native plugins compatible for Editor in 1.50 ms, found 2 plugins.
Preloading 0 native plugins for Editor in 0.00 ms.
Unloading 1399 Unused Serialized files (Serialized files now loaded: 0)
System memory in use before: 68.4 MB.
System memory in use after: 68.5 MB.

Unloading 16 unused Assets to reduce memory usage. Loaded Objects now: 1863.
Total: 4.123400 ms (FindLiveObjects: 0.309700 ms CreateObjectMapping: 0.106800 ms MarkObjects: 3.583700 ms  DeleteObjects: 0.120600 ms)

AssetImportParameters requested are different than current active one (requested -> active):
  custom:framework-win-MediaFoundation: 216162199b28c13a410421893ffa2e32 -> 
  custom:video-decoder-ogg-theora: a1e56fd34408186e4bbccfd4996cb3dc -> 
  custom:container-muxer-webm: aa71ff27fc2769a1b78a27578f13a17b -> 
  custom:container-demuxer-webm: 4f35f7cbe854078d1ac9338744f61a02 -> 
  custom:container-demuxer-ogg: 62fdf1f143b41e24485cea50d1cbac27 -> 
  custom:video-encoder-webm-vp8: eb34c28f22e8b96e1ab97ce403110664 -> 
  custom:video-codec-MediaFoundation-h265: 746d11721c4dcdbdad8f713fa42b33f4 -> 
  custom:video-decoder-webm-vp8: 9c59270c3fd7afecdb556c50c9e8de78 -> 
  custom:audio-decoder-ogg-vorbis: bf7c407c2cedff20999df2af8eb42d56 -> 
  custom:audio-encoder-webm-vorbis: bf7c407c2cedff20999df2af8eb42d56 -> 
========================================================================
Received Prepare
Registering precompiled user dll's ...
Registered in 0.012956 seconds.
Begin MonoManager ReloadAssembly
Native extension for WindowsStandalone target not found
Native extension for WebGL target not found
Refreshing native plugins compatible for Editor in 0.95 ms, found 2 plugins.
Preloading 0 native plugins for Editor in 0.00 ms.
Mono: successfully reloaded assembly
- Completed reload, in  2.552 seconds
Platform modules already initialized, skipping
Refreshing native plugins compatible for Editor in 0.91 ms, found 2 plugins.
Preloading 0 native plugins for Editor in 0.00 ms.
Unloading 1402 Unused Serialized files (Serialized files now loaded: 0)
System memory in use before: 68.5 MB.
System memory in use after: 68.5 MB.

Unloading 14 unused Assets to reduce memory usage. Loaded Objects now: 1869.
Total: 5.641700 ms (FindLiveObjects: 0.308000 ms CreateObjectMapping: 0.101900 ms MarkObjects: 4.891700 ms  DeleteObjects: 0.337200 ms)

AssetImportParameters requested are different than current active one (requested -> active):
  custom:framework-win-MediaFoundation: 216162199b28c13a410421893ffa2e32 -> 
  custom:video-decoder-ogg-theora: a1e56fd34408186e4bbccfd4996cb3dc -> 
  custom:container-muxer-webm: aa71ff27fc2769a1b78a27578f13a17b -> 
  custom:container-demuxer-webm: 4f35f7cbe854078d1ac9338744f61a02 -> 
  custom:container-demuxer-ogg: 62fdf1f143b41e24485cea50d1cbac27 -> 
  custom:video-encoder-webm-vp8: eb34c28f22e8b96e1ab97ce403110664 -> 
  custom:video-codec-MediaFoundation-h265: 746d11721c4dcdbdad8f713fa42b33f4 -> 
  custom:video-decoder-webm-vp8: 9c59270c3fd7afecdb556c50c9e8de78 -> 
  custom:audio-decoder-ogg-vorbis: bf7c407c2cedff20999df2af8eb42d56 -> 
  custom:audio-encoder-webm-vorbis: bf7c407c2cedff20999df2af8eb42d56 -> 
========================================================================
Received Prepare
Registering precompiled user dll's ...
Registered in 0.014368 seconds.
Begin MonoManager ReloadAssembly
Native extension for WindowsStandalone target not found
Native extension for WebGL target not found
Refreshing native plugins compatible for Editor in 1.45 ms, found 2 plugins.
Preloading 0 native plugins for Editor in 0.00 ms.
Mono: successfully reloaded assembly
- Completed reload, in  2.631 seconds
Platform modules already initialized, skipping
Refreshing native plugins compatible for Editor in 0.42 ms, found 2 plugins.
Preloading 0 native plugins for Editor in 0.00 ms.
Unloading 1401 Unused Serialized files (Serialized files now loaded: 0)
System memory in use before: 68.5 MB.
System memory in use after: 68.6 MB.

Unloading 15 unused Assets to reduce memory usage. Loaded Objects now: 1871.
Total: 2.486200 ms (FindLiveObjects: 0.173100 ms CreateObjectMapping: 0.053200 ms MarkObjects: 2.194800 ms  DeleteObjects: 0.063500 ms)

AssetImportParameters requested are different than current active one (requested -> active):
  custom:framework-win-MediaFoundation: 216162199b28c13a410421893ffa2e32 -> 
  custom:video-decoder-ogg-theora: a1e56fd34408186e4bbccfd4996cb3dc -> 
  custom:container-muxer-webm: aa71ff27fc2769a1b78a27578f13a17b -> 
  custom:container-demuxer-webm: 4f35f7cbe854078d1ac9338744f61a02 -> 
  custom:container-demuxer-ogg: 62fdf1f143b41e24485cea50d1cbac27 -> 
  custom:video-encoder-webm-vp8: eb34c28f22e8b96e1ab97ce403110664 -> 
  custom:video-codec-MediaFoundation-h265: 746d11721c4dcdbdad8f713fa42b33f4 -> 
  custom:video-decoder-webm-vp8: 9c59270c3fd7afecdb556c50c9e8de78 -> 
  custom:audio-decoder-ogg-vorbis: bf7c407c2cedff20999df2af8eb42d56 -> 
  custom:audio-encoder-webm-vorbis: bf7c407c2cedff20999df2af8eb42d56 -> 
========================================================================
Received Import Request.
  Time since last request: 87.342838 seconds.
  path: Assets/Script/AttackSystem.cs
  artifactKey: Guid(6591ad2101a1a914c93306d9be99612b) Importer(815301076,1909f56bfc062723c751e8b465ee728b)
Start importing Assets/Script/AttackSystem.cs using Guid(6591ad2101a1a914c93306d9be99612b) Importer(815301076,1909f56bfc062723c751e8b465ee728b)  -> (artifact id: '6314db6295b36754fff4dca32cdddc2b') in 0.009320 seconds 
  Import took 0.013907 seconds .

========================================================================
Received Import Request.
  Time since last request: 0.034216 seconds.
  path: Assets/Script/AttackSystem.cs
  artifactKey: Guid(6591ad2101a1a914c93306d9be99612b) Importer(815301076,1909f56bfc062723c751e8b465ee728b)
Start importing Assets/Script/AttackSystem.cs using Guid(6591ad2101a1a914c93306d9be99612b) Importer(815301076,1909f56bfc062723c751e8b465ee728b)  -> (artifact id: '6314db6295b36754fff4dca32cdddc2b') in 0.004519 seconds 
  Import took 0.009364 seconds .

========================================================================
Received Prepare
Registering precompiled user dll's ...
Registered in 0.557600 seconds.
Begin MonoManager ReloadAssembly
Native extension for WindowsStandalone target not found
Native extension for WebGL target not found
Refreshing native plugins compatible for Editor in 1.53 ms, found 2 plugins.
Preloading 0 native plugins for Editor in 0.00 ms.
Mono: successfully reloaded assembly
- Completed reload, in  5.937 seconds
Platform modules already initialized, skipping
Refreshing native plugins compatible for Editor in 1.83 ms, found 2 plugins.
Preloading 0 native plugins for Editor in 0.00 ms.
Unloading 1402 Unused Serialized files (Serialized files now loaded: 0)
System memory in use before: 68.5 MB.
System memory in use after: 68.6 MB.

Unloading 14 unused Assets to reduce memory usage. Loaded Objects now: 1875.
Total: 29.464000 ms (FindLiveObjects: 0.563300 ms CreateObjectMapping: 10.287200 ms MarkObjects: 18.455900 ms  DeleteObjects: 0.154400 ms)

AssetImportParameters requested are different than current active one (requested -> active):
  custom:framework-win-MediaFoundation: 216162199b28c13a410421893ffa2e32 -> 
  custom:video-decoder-ogg-theora: a1e56fd34408186e4bbccfd4996cb3dc -> 
  custom:container-muxer-webm: aa71ff27fc2769a1b78a27578f13a17b -> 
  custom:container-demuxer-webm: 4f35f7cbe854078d1ac9338744f61a02 -> 
  custom:container-demuxer-ogg: 62fdf1f143b41e24485cea50d1cbac27 -> 
  custom:video-encoder-webm-vp8: eb34c28f22e8b96e1ab97ce403110664 -> 
  custom:video-codec-MediaFoundation-h265: 746d11721c4dcdbdad8f713fa42b33f4 -> 
  custom:video-decoder-webm-vp8: 9c59270c3fd7afecdb556c50c9e8de78 -> 
  custom:audio-decoder-ogg-vorbis: bf7c407c2cedff20999df2af8eb42d56 -> 
  custom:audio-encoder-webm-vorbis: bf7c407c2cedff20999df2af8eb42d56 -> 
========================================================================
Received Prepare
Registering precompiled user dll's ...
Registered in 0.109595 seconds.
Begin MonoManager ReloadAssembly
Native extension for WindowsStandalone target not found
Native extension for WebGL target not found
Refreshing native plugins compatible for Editor in 0.41 ms, found 2 plugins.
Preloading 0 native plugins for Editor in 0.00 ms.
Mono: successfully reloaded assembly
- Completed reload, in  1.830 seconds
Platform modules already initialized, skipping
Refreshing native plugins compatible for Editor in 1.65 ms, found 2 plugins.
Preloading 0 native plugins for Editor in 0.00 ms.
Unloading 1402 Unused Serialized files (Serialized files now loaded: 0)
System memory in use before: 68.5 MB.
System memory in use after: 68.6 MB.

Unloading 14 unused Assets to reduce memory usage. Loaded Objects now: 1878.
Total: 2.311900 ms (FindLiveObjects: 0.161300 ms CreateObjectMapping: 0.052800 ms MarkObjects: 2.024800 ms  DeleteObjects: 0.071800 ms)

AssetImportParameters requested are different than current active one (requested -> active):
  custom:framework-win-MediaFoundation: 216162199b28c13a410421893ffa2e32 -> 
  custom:video-decoder-ogg-theora: a1e56fd34408186e4bbccfd4996cb3dc -> 
  custom:container-muxer-webm: aa71ff27fc2769a1b78a27578f13a17b -> 
  custom:container-demuxer-webm: 4f35f7cbe854078d1ac9338744f61a02 -> 
  custom:container-demuxer-ogg: 62fdf1f143b41e24485cea50d1cbac27 -> 
  custom:video-encoder-webm-vp8: eb34c28f22e8b96e1ab97ce403110664 -> 
  custom:video-codec-MediaFoundation-h265: 746d11721c4dcdbdad8f713fa42b33f4 -> 
  custom:video-decoder-webm-vp8: 9c59270c3fd7afecdb556c50c9e8de78 -> 
  custom:audio-decoder-ogg-vorbis: bf7c407c2cedff20999df2af8eb42d56 -> 
  custom:audio-encoder-webm-vorbis: bf7c407c2cedff20999df2af8eb42d56 -> 
========================================================================
Received Import Request.
  Time since last request: 373.915175 seconds.
  path: Assets/Script/AttackSystem.cs
  artifactKey: Guid(6591ad2101a1a914c93306d9be99612b) Importer(815301076,1909f56bfc062723c751e8b465ee728b)
Start importing Assets/Script/AttackSystem.cs using Guid(6591ad2101a1a914c93306d9be99612b) Importer(815301076,1909f56bfc062723c751e8b465ee728b)  -> (artifact id: 'dfdd9ffe34be8dd9751fdeff0d125114') in 0.006865 seconds 
  Import took 0.010343 seconds .

========================================================================
Received Import Request.
  Time since last request: 173.697922 seconds.
  path: Assets/Invector-3rdPersonController_LITE/Animator/Invector@BasicLocomotion.controller
  artifactKey: Guid(cbd1db45c75e5b948a5befe9ecb80421) Importer(815301076,1909f56bfc062723c751e8b465ee728b)
Start importing Assets/Invector-3rdPersonController_LITE/Animator/Invector@BasicLocomotion.controller using Guid(cbd1db45c75e5b948a5befe9ecb80421) Importer(815301076,1909f56bfc062723c751e8b465ee728b)  -> (artifact id: '06d8929220d5e82a41b414d95ca8ff75') in 0.549630 seconds 
  Import took 0.563375 seconds .

========================================================================
Received Prepare
Registering precompiled user dll's ...
Registered in 0.007460 seconds.
Begin MonoManager ReloadAssembly
Native extension for WindowsStandalone target not found
Native extension for WebGL target not found
Refreshing native plugins compatible for Editor in 0.70 ms, found 2 plugins.
Preloading 0 native plugins for Editor in 0.00 ms.
Mono: successfully reloaded assembly
- Completed reload, in  2.196 seconds
Platform modules already initialized, skipping
Refreshing native plugins compatible for Editor in 0.43 ms, found 2 plugins.
Preloading 0 native plugins for Editor in 0.00 ms.
Unloading 1402 Unused Serialized files (Serialized files now loaded: 0)
System memory in use before: 68.5 MB.
System memory in use after: 68.6 MB.

Unloading 14 unused Assets to reduce memory usage. Loaded Objects now: 1881.
Total: 2.245900 ms (FindLiveObjects: 0.161500 ms CreateObjectMapping: 0.050200 ms MarkObjects: 1.926800 ms  DeleteObjects: 0.105900 ms)

AssetImportParameters requested are different than current active one (requested -> active):
  custom:framework-win-MediaFoundation: 216162199b28c13a410421893ffa2e32 -> 
  custom:video-decoder-ogg-theora: a1e56fd34408186e4bbccfd4996cb3dc -> 
  custom:container-muxer-webm: aa71ff27fc2769a1b78a27578f13a17b -> 
  custom:container-demuxer-webm: 4f35f7cbe854078d1ac9338744f61a02 -> 
  custom:container-demuxer-ogg: 62fdf1f143b41e24485cea50d1cbac27 -> 
  custom:video-encoder-webm-vp8: eb34c28f22e8b96e1ab97ce403110664 -> 
  custom:video-codec-MediaFoundation-h265: 746d11721c4dcdbdad8f713fa42b33f4 -> 
  custom:video-decoder-webm-vp8: 9c59270c3fd7afecdb556c50c9e8de78 -> 
  custom:audio-decoder-ogg-vorbis: bf7c407c2cedff20999df2af8eb42d56 -> 
  custom:audio-encoder-webm-vorbis: bf7c407c2cedff20999df2af8eb42d56 -> 
========================================================================
Received Prepare
Registering precompiled user dll's ...
Registered in 0.017950 seconds.
Begin MonoManager ReloadAssembly
Native extension for WindowsStandalone target not found
Native extension for WebGL target not found
Refreshing native plugins compatible for Editor in 0.47 ms, found 2 plugins.
Preloading 0 native plugins for Editor in 0.00 ms.
Mono: successfully reloaded assembly
- Completed reload, in  1.128 seconds
Platform modules already initialized, skipping
Refreshing native plugins compatible for Editor in 0.45 ms, found 2 plugins.
Preloading 0 native plugins for Editor in 0.00 ms.
Unloading 1402 Unused Serialized files (Serialized files now loaded: 0)
System memory in use before: 68.5 MB.
System memory in use after: 68.6 MB.

Unloading 14 unused Assets to reduce memory usage. Loaded Objects now: 1884.
Total: 2.298800 ms (FindLiveObjects: 0.142400 ms CreateObjectMapping: 0.044500 ms MarkObjects: 2.056000 ms  DeleteObjects: 0.054600 ms)

AssetImportParameters requested are different than current active one (requested -> active):
  custom:framework-win-MediaFoundation: 216162199b28c13a410421893ffa2e32 -> 
  custom:video-decoder-ogg-theora: a1e56fd34408186e4bbccfd4996cb3dc -> 
  custom:container-muxer-webm: aa71ff27fc2769a1b78a27578f13a17b -> 
  custom:container-demuxer-webm: 4f35f7cbe854078d1ac9338744f61a02 -> 
  custom:container-demuxer-ogg: 62fdf1f143b41e24485cea50d1cbac27 -> 
  custom:video-encoder-webm-vp8: eb34c28f22e8b96e1ab97ce403110664 -> 
  custom:video-codec-MediaFoundation-h265: 746d11721c4dcdbdad8f713fa42b33f4 -> 
  custom:video-decoder-webm-vp8: 9c59270c3fd7afecdb556c50c9e8de78 -> 
  custom:audio-decoder-ogg-vorbis: bf7c407c2cedff20999df2af8eb42d56 -> 
  custom:audio-encoder-webm-vorbis: bf7c407c2cedff20999df2af8eb42d56 -> 
========================================================================
Received Import Request.
  Time since last request: 593.516223 seconds.
  path: Assets/Invector-3rdPersonController_LITE/Animator/Invector@BasicLocomotion.controller
  artifactKey: Guid(cbd1db45c75e5b948a5befe9ecb80421) Importer(815301076,1909f56bfc062723c751e8b465ee728b)
Start importing Assets/Invector-3rdPersonController_LITE/Animator/Invector@BasicLocomotion.controller using Guid(cbd1db45c75e5b948a5befe9ecb80421) Importer(815301076,1909f56bfc062723c751e8b465ee728b)  -> (artifact id: '0fe0ed7362810ec28de26f006940030b') in 0.146294 seconds 
  Import took 0.155701 seconds .

========================================================================
Received Prepare
Registering precompiled user dll's ...
Registered in 0.006710 seconds.
Begin MonoManager ReloadAssembly
Native extension for WindowsStandalone target not found
Native extension for WebGL target not found
Refreshing native plugins compatible for Editor in 0.46 ms, found 2 plugins.
Preloading 0 native plugins for Editor in 0.00 ms.
Mono: successfully reloaded assembly
- Completed reload, in  1.269 seconds
Platform modules already initialized, skipping
Refreshing native plugins compatible for Editor in 0.41 ms, found 2 plugins.
Preloading 0 native plugins for Editor in 0.00 ms.
Unloading 1402 Unused Serialized files (Serialized files now loaded: 0)
System memory in use before: 68.5 MB.
System memory in use after: 68.6 MB.

Unloading 14 unused Assets to reduce memory usage. Loaded Objects now: 1887.
Total: 1.984400 ms (FindLiveObjects: 0.138600 ms CreateObjectMapping: 0.041900 ms MarkObjects: 1.744800 ms  DeleteObjects: 0.057800 ms)

AssetImportParameters requested are different than current active one (requested -> active):
  custom:framework-win-MediaFoundation: 216162199b28c13a410421893ffa2e32 -> 
  custom:video-decoder-ogg-theora: a1e56fd34408186e4bbccfd4996cb3dc -> 
  custom:container-muxer-webm: aa71ff27fc2769a1b78a27578f13a17b -> 
  custom:container-demuxer-webm: 4f35f7cbe854078d1ac9338744f61a02 -> 
  custom:container-demuxer-ogg: 62fdf1f143b41e24485cea50d1cbac27 -> 
  custom:video-encoder-webm-vp8: eb34c28f22e8b96e1ab97ce403110664 -> 
  custom:video-codec-MediaFoundation-h265: 746d11721c4dcdbdad8f713fa42b33f4 -> 
  custom:video-decoder-webm-vp8: 9c59270c3fd7afecdb556c50c9e8de78 -> 
  custom:audio-decoder-ogg-vorbis: bf7c407c2cedff20999df2af8eb42d56 -> 
  custom:audio-encoder-webm-vorbis: bf7c407c2cedff20999df2af8eb42d56 -> 
========================================================================
Received Prepare
Registering precompiled user dll's ...
Registered in 0.017320 seconds.
Begin MonoManager ReloadAssembly
Native extension for WindowsStandalone target not found
Native extension for WebGL target not found
Refreshing native plugins compatible for Editor in 0.71 ms, found 2 plugins.
Preloading 0 native plugins for Editor in 0.00 ms.
Mono: successfully reloaded assembly
- Completed reload, in  2.796 seconds
Platform modules already initialized, skipping
Refreshing native plugins compatible for Editor in 0.70 ms, found 2 plugins.
Preloading 0 native plugins for Editor in 0.00 ms.
Unloading 1402 Unused Serialized files (Serialized files now loaded: 0)
System memory in use before: 68.5 MB.
System memory in use after: 68.6 MB.

Unloading 14 unused Assets to reduce memory usage. Loaded Objects now: 1890.
Total: 4.504800 ms (FindLiveObjects: 0.380500 ms CreateObjectMapping: 0.147000 ms MarkObjects: 3.848400 ms  DeleteObjects: 0.126100 ms)

AssetImportParameters requested are different than current active one (requested -> active):
  custom:framework-win-MediaFoundation: 216162199b28c13a410421893ffa2e32 -> 
  custom:video-decoder-ogg-theora: a1e56fd34408186e4bbccfd4996cb3dc -> 
  custom:container-muxer-webm: aa71ff27fc2769a1b78a27578f13a17b -> 
  custom:container-demuxer-webm: 4f35f7cbe854078d1ac9338744f61a02 -> 
  custom:container-demuxer-ogg: 62fdf1f143b41e24485cea50d1cbac27 -> 
  custom:video-encoder-webm-vp8: eb34c28f22e8b96e1ab97ce403110664 -> 
  custom:video-codec-MediaFoundation-h265: 746d11721c4dcdbdad8f713fa42b33f4 -> 
  custom:video-decoder-webm-vp8: 9c59270c3fd7afecdb556c50c9e8de78 -> 
  custom:audio-decoder-ogg-vorbis: bf7c407c2cedff20999df2af8eb42d56 -> 
  custom:audio-encoder-webm-vorbis: bf7c407c2cedff20999df2af8eb42d56 -> 
========================================================================
Received Prepare
Registering precompiled user dll's ...
Registered in 0.029517 seconds.
Begin MonoManager ReloadAssembly
Native extension for WindowsStandalone target not found
Native extension for WebGL target not found
Refreshing native plugins compatible for Editor in 0.43 ms, found 2 plugins.
Preloading 0 native plugins for Editor in 0.00 ms.
Mono: successfully reloaded assembly
- Completed reload, in  1.212 seconds
Platform modules already initialized, skipping
Refreshing native plugins compatible for Editor in 0.44 ms, found 2 plugins.
Preloading 0 native plugins for Editor in 0.00 ms.
Unloading 1402 Unused Serialized files (Serialized files now loaded: 0)
System memory in use before: 68.5 MB.
System memory in use after: 68.6 MB.

Unloading 14 unused Assets to reduce memory usage. Loaded Objects now: 1893.
Total: 2.377400 ms (FindLiveObjects: 0.163800 ms CreateObjectMapping: 0.046000 ms MarkObjects: 2.104400 ms  DeleteObjects: 0.061900 ms)

AssetImportParameters requested are different than current active one (requested -> active):
  custom:framework-win-MediaFoundation: 216162199b28c13a410421893ffa2e32 -> 
  custom:video-decoder-ogg-theora: a1e56fd34408186e4bbccfd4996cb3dc -> 
  custom:container-muxer-webm: aa71ff27fc2769a1b78a27578f13a17b -> 
  custom:container-demuxer-webm: 4f35f7cbe854078d1ac9338744f61a02 -> 
  custom:container-demuxer-ogg: 62fdf1f143b41e24485cea50d1cbac27 -> 
  custom:video-encoder-webm-vp8: eb34c28f22e8b96e1ab97ce403110664 -> 
  custom:video-codec-MediaFoundation-h265: 746d11721c4dcdbdad8f713fa42b33f4 -> 
  custom:video-decoder-webm-vp8: 9c59270c3fd7afecdb556c50c9e8de78 -> 
  custom:audio-decoder-ogg-vorbis: bf7c407c2cedff20999df2af8eb42d56 -> 
  custom:audio-encoder-webm-vorbis: bf7c407c2cedff20999df2af8eb42d56 -> 
========================================================================
Received Prepare
Registering precompiled user dll's ...
Registered in 0.044620 seconds.
Begin MonoManager ReloadAssembly
Native extension for WindowsStandalone target not found
Native extension for WebGL target not found
Refreshing native plugins compatible for Editor in 0.42 ms, found 2 plugins.
Preloading 0 native plugins for Editor in 0.00 ms.
Mono: successfully reloaded assembly
- Completed reload, in  1.472 seconds
Platform modules already initialized, skipping
Refreshing native plugins compatible for Editor in 0.45 ms, found 2 plugins.
Preloading 0 native plugins for Editor in 0.00 ms.
Unloading 1402 Unused Serialized files (Serialized files now loaded: 0)
System memory in use before: 68.5 MB.
System memory in use after: 68.6 MB.

Unloading 14 unused Assets to reduce memory usage. Loaded Objects now: 1896.
Total: 2.029900 ms (FindLiveObjects: 0.160400 ms CreateObjectMapping: 0.046500 ms MarkObjects: 1.756400 ms  DeleteObjects: 0.065300 ms)

AssetImportParameters requested are different than current active one (requested -> active):
  custom:framework-win-MediaFoundation: 216162199b28c13a410421893ffa2e32 -> 
  custom:video-decoder-ogg-theora: a1e56fd34408186e4bbccfd4996cb3dc -> 
  custom:container-muxer-webm: aa71ff27fc2769a1b78a27578f13a17b -> 
  custom:container-demuxer-webm: 4f35f7cbe854078d1ac9338744f61a02 -> 
  custom:container-demuxer-ogg: 62fdf1f143b41e24485cea50d1cbac27 -> 
  custom:video-encoder-webm-vp8: eb34c28f22e8b96e1ab97ce403110664 -> 
  custom:video-codec-MediaFoundation-h265: 746d11721c4dcdbdad8f713fa42b33f4 -> 
  custom:video-decoder-webm-vp8: 9c59270c3fd7afecdb556c50c9e8de78 -> 
  custom:audio-decoder-ogg-vorbis: bf7c407c2cedff20999df2af8eb42d56 -> 
  custom:audio-encoder-webm-vorbis: bf7c407c2cedff20999df2af8eb42d56 -> 
========================================================================
Received Prepare
Registering precompiled user dll's ...
Registered in 0.009688 seconds.
Begin MonoManager ReloadAssembly
Native extension for WindowsStandalone target not found
Native extension for WebGL target not found
Refreshing native plugins compatible for Editor in 1.58 ms, found 2 plugins.
Preloading 0 native plugins for Editor in 0.00 ms.
Mono: successfully reloaded assembly
- Completed reload, in  4.163 seconds
Platform modules already initialized, skipping
Refreshing native plugins compatible for Editor in 0.91 ms, found 2 plugins.
Preloading 0 native plugins for Editor in 0.00 ms.
Unloading 1402 Unused Serialized files (Serialized files now loaded: 0)
System memory in use before: 68.5 MB.
System memory in use after: 68.6 MB.

Unloading 14 unused Assets to reduce memory usage. Loaded Objects now: 1899.
Total: 7.590100 ms (FindLiveObjects: 0.619800 ms CreateObjectMapping: 0.157400 ms MarkObjects: 6.677500 ms  DeleteObjects: 0.132400 ms)

AssetImportParameters requested are different than current active one (requested -> active):
  custom:framework-win-MediaFoundation: 216162199b28c13a410421893ffa2e32 -> 
  custom:video-decoder-ogg-theora: a1e56fd34408186e4bbccfd4996cb3dc -> 
  custom:container-muxer-webm: aa71ff27fc2769a1b78a27578f13a17b -> 
  custom:container-demuxer-webm: 4f35f7cbe854078d1ac9338744f61a02 -> 
  custom:container-demuxer-ogg: 62fdf1f143b41e24485cea50d1cbac27 -> 
  custom:video-encoder-webm-vp8: eb34c28f22e8b96e1ab97ce403110664 -> 
  custom:video-codec-MediaFoundation-h265: 746d11721c4dcdbdad8f713fa42b33f4 -> 
  custom:video-decoder-webm-vp8: 9c59270c3fd7afecdb556c50c9e8de78 -> 
  custom:audio-decoder-ogg-vorbis: bf7c407c2cedff20999df2af8eb42d56 -> 
  custom:audio-encoder-webm-vorbis: bf7c407c2cedff20999df2af8eb42d56 -> 
========================================================================
Received Prepare
Registering precompiled user dll's ...
Registered in 0.015021 seconds.
Begin MonoManager ReloadAssembly
Native extension for WindowsStandalone target not found
Native extension for WebGL target not found
Refreshing native plugins compatible for Editor in 0.42 ms, found 2 plugins.
Preloading 0 native plugins for Editor in 0.00 ms.
Mono: successfully reloaded assembly
- Completed reload, in  2.420 seconds
Platform modules already initialized, skipping
Refreshing native plugins compatible for Editor in 0.55 ms, found 2 plugins.
Preloading 0 native plugins for Editor in 0.00 ms.
Unloading 1402 Unused Serialized files (Serialized files now loaded: 0)
System memory in use before: 68.6 MB.
System memory in use after: 68.6 MB.

Unloading 14 unused Assets to reduce memory usage. Loaded Objects now: 1902.
Total: 2.028700 ms (FindLiveObjects: 0.164700 ms CreateObjectMapping: 0.062500 ms MarkObjects: 1.739400 ms  DeleteObjects: 0.060900 ms)

AssetImportParameters requested are different than current active one (requested -> active):
  custom:framework-win-MediaFoundation: 216162199b28c13a410421893ffa2e32 -> 
  custom:video-decoder-ogg-theora: a1e56fd34408186e4bbccfd4996cb3dc -> 
  custom:container-muxer-webm: aa71ff27fc2769a1b78a27578f13a17b -> 
  custom:container-demuxer-webm: 4f35f7cbe854078d1ac9338744f61a02 -> 
  custom:container-demuxer-ogg: 62fdf1f143b41e24485cea50d1cbac27 -> 
  custom:video-encoder-webm-vp8: eb34c28f22e8b96e1ab97ce403110664 -> 
  custom:video-codec-MediaFoundation-h265: 746d11721c4dcdbdad8f713fa42b33f4 -> 
  custom:video-decoder-webm-vp8: 9c59270c3fd7afecdb556c50c9e8de78 -> 
  custom:audio-decoder-ogg-vorbis: bf7c407c2cedff20999df2af8eb42d56 -> 
  custom:audio-encoder-webm-vorbis: bf7c407c2cedff20999df2af8eb42d56 -> 
